{"D:\\Visual Code Projects\\Git\\LightBot\\lightbot_server\\src\\api\\controllers\\Config.controller.js": {"path":"D:\\Visual Code Projects\\Git\\LightBot\\lightbot_server\\src\\api\\controllers\\Config.controller.js","statementMap":{"0":{"start":{"line":2,"column":21},"end":{"line":2,"column":53}},"1":{"start":{"line":3,"column":18},"end":{"line":3,"column":42}},"2":{"start":{"line":6,"column":10},"end":{"line":6,"column":68}},"3":{"start":{"line":7,"column":11},"end":{"line":7,"column":70}},"4":{"start":{"line":8,"column":17},"end":{"line":8,"column":55}},"5":{"start":{"line":12,"column":26},"end":{"line":12,"column":61}},"6":{"start":{"line":13,"column":28},"end":{"line":13,"column":65}},"7":{"start":{"line":15,"column":0},"end":{"line":53,"column":1}},"8":{"start":{"line":17,"column":17},"end":{"line":17,"column":30}},"9":{"start":{"line":18,"column":14},"end":{"line":18,"column":49}},"10":{"start":{"line":19,"column":14},"end":{"line":19,"column":49}},"11":{"start":{"line":20,"column":4},"end":{"line":20,"column":27}},"12":{"start":{"line":21,"column":4},"end":{"line":21,"column":24}},"13":{"start":{"line":23,"column":23},"end":{"line":23,"column":33}},"14":{"start":{"line":24,"column":24},"end":{"line":24,"column":35}},"15":{"start":{"line":26,"column":4},"end":{"line":28,"column":6}},"16":{"start":{"line":27,"column":6},"end":{"line":27,"column":34}},"17":{"start":{"line":29,"column":4},"end":{"line":32,"column":6}},"18":{"start":{"line":30,"column":6},"end":{"line":30,"column":34}},"19":{"start":{"line":34,"column":4},"end":{"line":36,"column":6}},"20":{"start":{"line":35,"column":6},"end":{"line":35,"column":34}},"21":{"start":{"line":37,"column":4},"end":{"line":40,"column":6}},"22":{"start":{"line":38,"column":6},"end":{"line":38,"column":34}},"23":{"start":{"line":42,"column":4},"end":{"line":51,"column":6}},"24":{"start":{"line":43,"column":6},"end":{"line":50,"column":9}},"25":{"start":{"line":44,"column":8},"end":{"line":46,"column":9}},"26":{"start":{"line":48,"column":8},"end":{"line":50,"column":9}}},"fnMap":{"0":{"name":"(anonymous_0)","decl":{"start":{"line":16,"column":30},"end":{"line":16,"column":31}},"loc":{"start":{"line":16,"column":56},"end":{"line":52,"column":3}},"line":16},"1":{"name":"(anonymous_1)","decl":{"start":{"line":26,"column":33},"end":{"line":26,"column":34}},"loc":{"start":{"line":26,"column":43},"end":{"line":28,"column":5}},"line":26},"2":{"name":"(anonymous_2)","decl":{"start":{"line":29,"column":33},"end":{"line":29,"column":34}},"loc":{"start":{"line":29,"column":43},"end":{"line":32,"column":5}},"line":29},"3":{"name":"(anonymous_3)","decl":{"start":{"line":34,"column":34},"end":{"line":34,"column":35}},"loc":{"start":{"line":34,"column":44},"end":{"line":36,"column":5}},"line":34},"4":{"name":"(anonymous_4)","decl":{"start":{"line":37,"column":34},"end":{"line":37,"column":35}},"loc":{"start":{"line":37,"column":44},"end":{"line":40,"column":5}},"line":37},"5":{"name":"(anonymous_5)","decl":{"start":{"line":42,"column":34},"end":{"line":42,"column":35}},"loc":{"start":{"line":42,"column":44},"end":{"line":51,"column":5}},"line":42}},"branchMap":{"0":{"loc":{"start":{"line":43,"column":6},"end":{"line":50,"column":9}},"type":"if","locations":[{"start":{"line":43,"column":6},"end":{"line":50,"column":9}},{"start":{"line":43,"column":6},"end":{"line":50,"column":9}}],"line":43}},"s":{"0":5,"1":5,"2":5,"3":5,"4":5,"5":5,"6":5,"7":5,"8":1,"9":1,"10":1,"11":1,"12":1,"13":1,"14":1,"15":1,"16":11,"17":1,"18":2,"19":1,"20":11,"21":1,"22":2,"23":1,"24":1,"25":1,"26":0},"f":{"0":1,"1":11,"2":2,"3":11,"4":2,"5":1},"b":{"0":[1,0]},"_coverageSchema":"1a1c01bbd47fc00a2c39e90264f33305004495a9","hash":"3eba383c0488754fcc8d72610ff815ed9e71dd52"}
,"D:\\Visual Code Projects\\Git\\LightBot\\lightbot_server\\src\\api\\controllers\\Data.controller.js": {"path":"D:\\Visual Code Projects\\Git\\LightBot\\lightbot_server\\src\\api\\controllers\\Data.controller.js","statementMap":{"0":{"start":{"line":2,"column":21},"end":{"line":2,"column":53}},"1":{"start":{"line":3,"column":17},"end":{"line":3,"column":36}},"2":{"start":{"line":10,"column":4},"end":{"line":10,"column":39}},"3":{"start":{"line":11,"column":28},"end":{"line":11,"column":65}},"4":{"start":{"line":12,"column":14},"end":{"line":12,"column":49}},"5":{"start":{"line":13,"column":13},"end":{"line":13,"column":47}},"6":{"start":{"line":14,"column":14},"end":{"line":14,"column":49}},"7":{"start":{"line":17,"column":18},"end":{"line":17,"column":65}},"8":{"start":{"line":19,"column":0},"end":{"line":227,"column":1}},"9":{"start":{"line":21,"column":17},"end":{"line":21,"column":32}},"10":{"start":{"line":22,"column":4},"end":{"line":24,"column":5}},"11":{"start":{"line":29,"column":4},"end":{"line":33,"column":5}},"12":{"start":{"line":30,"column":6},"end":{"line":30,"column":34}},"13":{"start":{"line":32,"column":6},"end":{"line":32,"column":62}},"14":{"start":{"line":34,"column":4},"end":{"line":39,"column":5}},"15":{"start":{"line":37,"column":28},"end":{"line":37,"column":60}},"16":{"start":{"line":43,"column":4},"end":{"line":45,"column":5}},"17":{"start":{"line":49,"column":44},"end":{"line":49,"column":52}},"18":{"start":{"line":50,"column":36},"end":{"line":50,"column":49}},"19":{"start":{"line":51,"column":28},"end":{"line":56,"column":6}},"20":{"start":{"line":58,"column":4},"end":{"line":64,"column":5}},"21":{"start":{"line":59,"column":6},"end":{"line":59,"column":59}},"22":{"start":{"line":61,"column":6},"end":{"line":63,"column":7}},"23":{"start":{"line":65,"column":4},"end":{"line":69,"column":5}},"24":{"start":{"line":66,"column":6},"end":{"line":68,"column":7}},"25":{"start":{"line":70,"column":4},"end":{"line":81,"column":5}},"26":{"start":{"line":71,"column":22},"end":{"line":71,"column":51}},"27":{"start":{"line":72,"column":6},"end":{"line":72,"column":32}},"28":{"start":{"line":73,"column":6},"end":{"line":73,"column":54}},"29":{"start":{"line":74,"column":6},"end":{"line":74,"column":43}},"30":{"start":{"line":75,"column":6},"end":{"line":75,"column":43}},"31":{"start":{"line":76,"column":6},"end":{"line":76,"column":39}},"32":{"start":{"line":78,"column":6},"end":{"line":80,"column":7}},"33":{"start":{"line":82,"column":4},"end":{"line":87,"column":5}},"34":{"start":{"line":91,"column":19},"end":{"line":91,"column":41}},"35":{"start":{"line":92,"column":31},"end":{"line":92,"column":39}},"36":{"start":{"line":94,"column":4},"end":{"line":98,"column":5}},"37":{"start":{"line":95,"column":6},"end":{"line":95,"column":43}},"38":{"start":{"line":97,"column":6},"end":{"line":97,"column":78}},"39":{"start":{"line":99,"column":4},"end":{"line":99,"column":24}},"40":{"start":{"line":100,"column":4},"end":{"line":100,"column":28}},"41":{"start":{"line":102,"column":4},"end":{"line":106,"column":5}},"42":{"start":{"line":103,"column":6},"end":{"line":103,"column":25}},"43":{"start":{"line":105,"column":6},"end":{"line":105,"column":78}},"44":{"start":{"line":108,"column":4},"end":{"line":113,"column":5}},"45":{"start":{"line":117,"column":19},"end":{"line":117,"column":41}},"46":{"start":{"line":119,"column":4},"end":{"line":123,"column":5}},"47":{"start":{"line":120,"column":6},"end":{"line":120,"column":48}},"48":{"start":{"line":122,"column":6},"end":{"line":122,"column":78}},"49":{"start":{"line":124,"column":4},"end":{"line":128,"column":5}},"50":{"start":{"line":125,"column":6},"end":{"line":125,"column":27}},"51":{"start":{"line":127,"column":6},"end":{"line":127,"column":78}},"52":{"start":{"line":129,"column":4},"end":{"line":134,"column":5}},"53":{"start":{"line":138,"column":4},"end":{"line":145,"column":5}},"54":{"start":{"line":139,"column":6},"end":{"line":142,"column":7}},"55":{"start":{"line":144,"column":6},"end":{"line":144,"column":62}},"56":{"start":{"line":146,"column":4},"end":{"line":151,"column":5}},"57":{"start":{"line":149,"column":28},"end":{"line":149,"column":60}},"58":{"start":{"line":154,"column":17},"end":{"line":154,"column":32}},"59":{"start":{"line":155,"column":16},"end":{"line":155,"column":47}},"60":{"start":{"line":156,"column":17},"end":{"line":156,"column":45}},"61":{"start":{"line":159,"column":4},"end":{"line":165,"column":5}},"62":{"start":{"line":160,"column":6},"end":{"line":160,"column":33}},"63":{"start":{"line":161,"column":6},"end":{"line":161,"column":33}},"64":{"start":{"line":162,"column":6},"end":{"line":162,"column":29}},"65":{"start":{"line":164,"column":6},"end":{"line":164,"column":72}},"66":{"start":{"line":166,"column":4},"end":{"line":171,"column":5}},"67":{"start":{"line":174,"column":4},"end":{"line":178,"column":5}},"68":{"start":{"line":175,"column":6},"end":{"line":175,"column":26}},"69":{"start":{"line":177,"column":6},"end":{"line":177,"column":57}},"70":{"start":{"line":179,"column":4},"end":{"line":179,"column":62}},"71":{"start":{"line":195,"column":4},"end":{"line":210,"column":5}},"72":{"start":{"line":196,"column":6},"end":{"line":196,"column":115}},"73":{"start":{"line":197,"column":6},"end":{"line":197,"column":113}},"74":{"start":{"line":198,"column":6},"end":{"line":198,"column":113}},"75":{"start":{"line":199,"column":6},"end":{"line":199,"column":111}},"76":{"start":{"line":200,"column":6},"end":{"line":200,"column":120}},"77":{"start":{"line":201,"column":6},"end":{"line":201,"column":111}},"78":{"start":{"line":202,"column":6},"end":{"line":202,"column":111}},"79":{"start":{"line":203,"column":6},"end":{"line":203,"column":109}},"80":{"start":{"line":204,"column":6},"end":{"line":204,"column":109}},"81":{"start":{"line":205,"column":6},"end":{"line":205,"column":107}},"82":{"start":{"line":206,"column":6},"end":{"line":206,"column":116}},"83":{"start":{"line":207,"column":6},"end":{"line":207,"column":107}},"84":{"start":{"line":209,"column":6},"end":{"line":209,"column":68}},"85":{"start":{"line":211,"column":21},"end":{"line":224,"column":5}},"86":{"start":{"line":225,"column":4},"end":{"line":225,"column":66}}},"fnMap":{"0":{"name":"(anonymous_0)","decl":{"start":{"line":20,"column":29},"end":{"line":20,"column":30}},"loc":{"start":{"line":20,"column":55},"end":{"line":25,"column":3}},"line":20},"1":{"name":"(anonymous_1)","decl":{"start":{"line":27,"column":29},"end":{"line":27,"column":30}},"loc":{"start":{"line":27,"column":55},"end":{"line":40,"column":3}},"line":27},"2":{"name":"(anonymous_2)","decl":{"start":{"line":37,"column":18},"end":{"line":37,"column":19}},"loc":{"start":{"line":37,"column":28},"end":{"line":37,"column":60}},"line":37},"3":{"name":"(anonymous_3)","decl":{"start":{"line":42,"column":29},"end":{"line":42,"column":30}},"loc":{"start":{"line":42,"column":55},"end":{"line":46,"column":3}},"line":42},"4":{"name":"(anonymous_4)","decl":{"start":{"line":48,"column":29},"end":{"line":48,"column":30}},"loc":{"start":{"line":48,"column":55},"end":{"line":88,"column":3}},"line":48},"5":{"name":"(anonymous_5)","decl":{"start":{"line":90,"column":32},"end":{"line":90,"column":33}},"loc":{"start":{"line":90,"column":58},"end":{"line":114,"column":3}},"line":90},"6":{"name":"(anonymous_6)","decl":{"start":{"line":116,"column":32},"end":{"line":116,"column":33}},"loc":{"start":{"line":116,"column":58},"end":{"line":135,"column":3}},"line":116},"7":{"name":"(anonymous_7)","decl":{"start":{"line":136,"column":28},"end":{"line":136,"column":29}},"loc":{"start":{"line":136,"column":54},"end":{"line":152,"column":3}},"line":136},"8":{"name":"(anonymous_8)","decl":{"start":{"line":149,"column":18},"end":{"line":149,"column":19}},"loc":{"start":{"line":149,"column":28},"end":{"line":149,"column":60}},"line":149},"9":{"name":"(anonymous_9)","decl":{"start":{"line":153,"column":28},"end":{"line":153,"column":29}},"loc":{"start":{"line":153,"column":54},"end":{"line":172,"column":3}},"line":153},"10":{"name":"(anonymous_10)","decl":{"start":{"line":173,"column":25},"end":{"line":173,"column":26}},"loc":{"start":{"line":173,"column":51},"end":{"line":180,"column":3}},"line":173},"11":{"name":"(anonymous_11)","decl":{"start":{"line":181,"column":25},"end":{"line":181,"column":26}},"loc":{"start":{"line":181,"column":51},"end":{"line":226,"column":3}},"line":181}},"branchMap":{"0":{"loc":{"start":{"line":65,"column":4},"end":{"line":69,"column":5}},"type":"if","locations":[{"start":{"line":65,"column":4},"end":{"line":69,"column":5}},{"start":{"line":65,"column":4},"end":{"line":69,"column":5}}],"line":65}},"s":{"0":5,"1":5,"2":5,"3":5,"4":5,"5":5,"6":5,"7":5,"8":5,"9":0,"10":0,"11":1,"12":1,"13":0,"14":1,"15":14,"16":1,"17":0,"18":0,"19":0,"20":0,"21":0,"22":0,"23":0,"24":0,"25":0,"26":0,"27":0,"28":0,"29":0,"30":0,"31":0,"32":0,"33":0,"34":0,"35":0,"36":0,"37":0,"38":0,"39":0,"40":0,"41":0,"42":0,"43":0,"44":0,"45":0,"46":0,"47":0,"48":0,"49":0,"50":0,"51":0,"52":0,"53":1,"54":1,"55":0,"56":1,"57":6,"58":0,"59":0,"60":0,"61":0,"62":0,"63":0,"64":0,"65":0,"66":0,"67":1,"68":1,"69":0,"70":1,"71":1,"72":1,"73":1,"74":1,"75":1,"76":1,"77":1,"78":1,"79":1,"80":1,"81":1,"82":1,"83":1,"84":0,"85":1,"86":1},"f":{"0":0,"1":1,"2":14,"3":1,"4":0,"5":0,"6":0,"7":1,"8":6,"9":0,"10":1,"11":1},"b":{"0":[0,0]},"_coverageSchema":"1a1c01bbd47fc00a2c39e90264f33305004495a9","hash":"28e2cda3fbc1a8e4fba1e9cdc3c61a0ef6677290"}
,"D:\\Visual Code Projects\\Git\\LightBot\\lightbot_server\\src\\api\\controllers\\User.controller.js": {"path":"D:\\Visual Code Projects\\Git\\LightBot\\lightbot_server\\src\\api\\controllers\\User.controller.js","statementMap":{"0":{"start":{"line":2,"column":15},"end":{"line":2,"column":38}},"1":{"start":{"line":5,"column":21},"end":{"line":5,"column":53}},"2":{"start":{"line":6,"column":15},"end":{"line":6,"column":34}},"3":{"start":{"line":7,"column":12},"end":{"line":7,"column":35}},"4":{"start":{"line":8,"column":15},"end":{"line":8,"column":32}},"5":{"start":{"line":11,"column":13},"end":{"line":11,"column":53}},"6":{"start":{"line":18,"column":4},"end":{"line":18,"column":39}},"7":{"start":{"line":19,"column":28},"end":{"line":19,"column":65}},"8":{"start":{"line":20,"column":13},"end":{"line":20,"column":47}},"9":{"start":{"line":23,"column":0},"end":{"line":23,"column":21}},"10":{"start":{"line":24,"column":23},"end":{"line":24,"column":34}},"11":{"start":{"line":26,"column":0},"end":{"line":335,"column":1}},"12":{"start":{"line":28,"column":67},"end":{"line":28,"column":75}},"13":{"start":{"line":29,"column":4},"end":{"line":54,"column":5}},"14":{"start":{"line":30,"column":21},"end":{"line":30,"column":67}},"15":{"start":{"line":32,"column":6},"end":{"line":34,"column":7}},"16":{"start":{"line":33,"column":8},"end":{"line":33,"column":77}},"17":{"start":{"line":36,"column":26},"end":{"line":42,"column":8}},"18":{"start":{"line":44,"column":19},"end":{"line":44,"column":57}},"19":{"start":{"line":45,"column":6},"end":{"line":48,"column":7}},"20":{"start":{"line":49,"column":6},"end":{"line":49,"column":30}},"21":{"start":{"line":51,"column":6},"end":{"line":53,"column":7}},"22":{"start":{"line":55,"column":4},"end":{"line":55,"column":66}},"23":{"start":{"line":59,"column":42},"end":{"line":59,"column":50}},"24":{"start":{"line":61,"column":4},"end":{"line":67,"column":5}},"25":{"start":{"line":62,"column":6},"end":{"line":62,"column":63}},"26":{"start":{"line":64,"column":6},"end":{"line":66,"column":7}},"27":{"start":{"line":68,"column":4},"end":{"line":70,"column":5}},"28":{"start":{"line":69,"column":6},"end":{"line":69,"column":71}},"29":{"start":{"line":72,"column":26},"end":{"line":72,"column":31}},"30":{"start":{"line":73,"column":4},"end":{"line":85,"column":5}},"31":{"start":{"line":74,"column":6},"end":{"line":77,"column":7}},"32":{"start":{"line":79,"column":6},"end":{"line":84,"column":7}},"33":{"start":{"line":86,"column":4},"end":{"line":88,"column":5}},"34":{"start":{"line":87,"column":6},"end":{"line":87,"column":60}},"35":{"start":{"line":90,"column":4},"end":{"line":104,"column":5}},"36":{"start":{"line":91,"column":22},"end":{"line":96,"column":7}},"37":{"start":{"line":97,"column":6},"end":{"line":99,"column":8}},"38":{"start":{"line":101,"column":6},"end":{"line":103,"column":7}},"39":{"start":{"line":105,"column":4},"end":{"line":105,"column":80}},"40":{"start":{"line":110,"column":4},"end":{"line":115,"column":5}},"41":{"start":{"line":119,"column":23},"end":{"line":119,"column":31}},"42":{"start":{"line":120,"column":36},"end":{"line":120,"column":49}},"43":{"start":{"line":122,"column":4},"end":{"line":128,"column":5}},"44":{"start":{"line":123,"column":6},"end":{"line":123,"column":63}},"45":{"start":{"line":125,"column":6},"end":{"line":127,"column":7}},"46":{"start":{"line":130,"column":4},"end":{"line":130,"column":28}},"47":{"start":{"line":132,"column":4},"end":{"line":138,"column":5}},"48":{"start":{"line":133,"column":6},"end":{"line":133,"column":27}},"49":{"start":{"line":135,"column":6},"end":{"line":137,"column":7}},"50":{"start":{"line":139,"column":4},"end":{"line":139,"column":69}},"51":{"start":{"line":144,"column":40},"end":{"line":144,"column":48}},"52":{"start":{"line":145,"column":36},"end":{"line":145,"column":49}},"53":{"start":{"line":147,"column":4},"end":{"line":153,"column":5}},"54":{"start":{"line":148,"column":6},"end":{"line":148,"column":63}},"55":{"start":{"line":150,"column":6},"end":{"line":152,"column":7}},"56":{"start":{"line":154,"column":4},"end":{"line":156,"column":5}},"57":{"start":{"line":155,"column":6},"end":{"line":155,"column":36}},"58":{"start":{"line":157,"column":4},"end":{"line":159,"column":5}},"59":{"start":{"line":158,"column":6},"end":{"line":158,"column":42}},"60":{"start":{"line":160,"column":4},"end":{"line":166,"column":5}},"61":{"start":{"line":161,"column":6},"end":{"line":161,"column":27}},"62":{"start":{"line":163,"column":6},"end":{"line":165,"column":7}},"63":{"start":{"line":167,"column":4},"end":{"line":167,"column":71}},"64":{"start":{"line":171,"column":48},"end":{"line":171,"column":56}},"65":{"start":{"line":172,"column":36},"end":{"line":172,"column":49}},"66":{"start":{"line":174,"column":4},"end":{"line":180,"column":5}},"67":{"start":{"line":175,"column":6},"end":{"line":175,"column":63}},"68":{"start":{"line":177,"column":6},"end":{"line":179,"column":7}},"69":{"start":{"line":182,"column":26},"end":{"line":182,"column":31}},"70":{"start":{"line":183,"column":4},"end":{"line":195,"column":5}},"71":{"start":{"line":184,"column":6},"end":{"line":187,"column":7}},"72":{"start":{"line":189,"column":6},"end":{"line":194,"column":7}},"73":{"start":{"line":196,"column":4},"end":{"line":198,"column":5}},"74":{"start":{"line":197,"column":6},"end":{"line":197,"column":60}},"75":{"start":{"line":200,"column":4},"end":{"line":208,"column":5}},"76":{"start":{"line":201,"column":19},"end":{"line":201,"column":57}},"77":{"start":{"line":202,"column":6},"end":{"line":202,"column":69}},"78":{"start":{"line":203,"column":6},"end":{"line":203,"column":27}},"79":{"start":{"line":205,"column":6},"end":{"line":207,"column":7}},"80":{"start":{"line":209,"column":4},"end":{"line":209,"column":72}},"81":{"start":{"line":213,"column":27},"end":{"line":213,"column":35}},"82":{"start":{"line":215,"column":4},"end":{"line":221,"column":5}},"83":{"start":{"line":216,"column":6},"end":{"line":216,"column":63}},"84":{"start":{"line":218,"column":6},"end":{"line":220,"column":7}},"85":{"start":{"line":222,"column":4},"end":{"line":224,"column":5}},"86":{"start":{"line":223,"column":6},"end":{"line":223,"column":55}},"87":{"start":{"line":225,"column":18},"end":{"line":232,"column":5}},"88":{"start":{"line":233,"column":4},"end":{"line":233,"column":30}},"89":{"start":{"line":234,"column":21},"end":{"line":234,"column":87}},"90":{"start":{"line":235,"column":20},"end":{"line":237,"column":78}},"91":{"start":{"line":239,"column":4},"end":{"line":250,"column":5}},"92":{"start":{"line":240,"column":6},"end":{"line":244,"column":8}},"93":{"start":{"line":246,"column":6},"end":{"line":246,"column":22}},"94":{"start":{"line":247,"column":6},"end":{"line":249,"column":7}},"95":{"start":{"line":252,"column":4},"end":{"line":257,"column":5}},"96":{"start":{"line":261,"column":21},"end":{"line":261,"column":43}},"97":{"start":{"line":263,"column":30},"end":{"line":263,"column":38}},"98":{"start":{"line":264,"column":16},"end":{"line":264,"column":20}},"99":{"start":{"line":265,"column":4},"end":{"line":267,"column":6}},"100":{"start":{"line":266,"column":6},"end":{"line":266,"column":52}},"101":{"start":{"line":266,"column":37},"end":{"line":266,"column":52}},"102":{"start":{"line":268,"column":4},"end":{"line":270,"column":5}},"103":{"start":{"line":269,"column":6},"end":{"line":269,"column":57}},"104":{"start":{"line":271,"column":27},"end":{"line":271,"column":32}},"105":{"start":{"line":274,"column":4},"end":{"line":280,"column":5}},"106":{"start":{"line":275,"column":6},"end":{"line":275,"column":63}},"107":{"start":{"line":277,"column":6},"end":{"line":279,"column":7}},"108":{"start":{"line":281,"column":4},"end":{"line":289,"column":5}},"109":{"start":{"line":282,"column":19},"end":{"line":282,"column":57}},"110":{"start":{"line":283,"column":6},"end":{"line":283,"column":69}},"111":{"start":{"line":284,"column":6},"end":{"line":284,"column":27}},"112":{"start":{"line":286,"column":6},"end":{"line":288,"column":7}},"113":{"start":{"line":290,"column":4},"end":{"line":290,"column":70}},"114":{"start":{"line":294,"column":36},"end":{"line":294,"column":49}},"115":{"start":{"line":296,"column":4},"end":{"line":302,"column":5}},"116":{"start":{"line":297,"column":6},"end":{"line":297,"column":63}},"117":{"start":{"line":299,"column":6},"end":{"line":301,"column":7}},"118":{"start":{"line":303,"column":4},"end":{"line":309,"column":5}},"119":{"start":{"line":304,"column":6},"end":{"line":304,"column":29}},"120":{"start":{"line":306,"column":6},"end":{"line":308,"column":7}},"121":{"start":{"line":310,"column":4},"end":{"line":312,"column":5}},"122":{"start":{"line":315,"column":36},"end":{"line":315,"column":49}},"123":{"start":{"line":317,"column":4},"end":{"line":323,"column":5}},"124":{"start":{"line":318,"column":6},"end":{"line":318,"column":63}},"125":{"start":{"line":320,"column":6},"end":{"line":322,"column":7}},"126":{"start":{"line":324,"column":17},"end":{"line":332,"column":5}},"127":{"start":{"line":333,"column":4},"end":{"line":333,"column":78}}},"fnMap":{"0":{"name":"(anonymous_0)","decl":{"start":{"line":27,"column":29},"end":{"line":27,"column":30}},"loc":{"start":{"line":27,"column":55},"end":{"line":56,"column":3}},"line":27},"1":{"name":"(anonymous_1)","decl":{"start":{"line":58,"column":26},"end":{"line":58,"column":27}},"loc":{"start":{"line":58,"column":52},"end":{"line":106,"column":3}},"line":58},"2":{"name":"(anonymous_2)","decl":{"start":{"line":108,"column":27},"end":{"line":108,"column":28}},"loc":{"start":{"line":108,"column":53},"end":{"line":116,"column":3}},"line":108},"3":{"name":"(anonymous_3)","decl":{"start":{"line":118,"column":32},"end":{"line":118,"column":33}},"loc":{"start":{"line":118,"column":58},"end":{"line":140,"column":3}},"line":118},"4":{"name":"(anonymous_4)","decl":{"start":{"line":142,"column":34},"end":{"line":142,"column":35}},"loc":{"start":{"line":142,"column":60},"end":{"line":168,"column":3}},"line":142},"5":{"name":"(anonymous_5)","decl":{"start":{"line":170,"column":31},"end":{"line":170,"column":32}},"loc":{"start":{"line":170,"column":57},"end":{"line":210,"column":3}},"line":170},"6":{"name":"(anonymous_6)","decl":{"start":{"line":212,"column":32},"end":{"line":212,"column":33}},"loc":{"start":{"line":212,"column":58},"end":{"line":258,"column":3}},"line":212},"7":{"name":"(anonymous_7)","decl":{"start":{"line":260,"column":30},"end":{"line":260,"column":31}},"loc":{"start":{"line":260,"column":56},"end":{"line":291,"column":3}},"line":260},"8":{"name":"(anonymous_8)","decl":{"start":{"line":265,"column":27},"end":{"line":265,"column":28}},"loc":{"start":{"line":265,"column":40},"end":{"line":267,"column":5}},"line":265},"9":{"name":"(anonymous_9)","decl":{"start":{"line":293,"column":27},"end":{"line":293,"column":28}},"loc":{"start":{"line":293,"column":53},"end":{"line":313,"column":3}},"line":293},"10":{"name":"(anonymous_10)","decl":{"start":{"line":314,"column":30},"end":{"line":314,"column":31}},"loc":{"start":{"line":314,"column":56},"end":{"line":334,"column":3}},"line":314}},"branchMap":{"0":{"loc":{"start":{"line":32,"column":6},"end":{"line":34,"column":7}},"type":"if","locations":[{"start":{"line":32,"column":6},"end":{"line":34,"column":7}},{"start":{"line":32,"column":6},"end":{"line":34,"column":7}}],"line":32},"1":{"loc":{"start":{"line":68,"column":4},"end":{"line":70,"column":5}},"type":"if","locations":[{"start":{"line":68,"column":4},"end":{"line":70,"column":5}},{"start":{"line":68,"column":4},"end":{"line":70,"column":5}}],"line":68},"2":{"loc":{"start":{"line":86,"column":4},"end":{"line":88,"column":5}},"type":"if","locations":[{"start":{"line":86,"column":4},"end":{"line":88,"column":5}},{"start":{"line":86,"column":4},"end":{"line":88,"column":5}}],"line":86},"3":{"loc":{"start":{"line":154,"column":4},"end":{"line":156,"column":5}},"type":"if","locations":[{"start":{"line":154,"column":4},"end":{"line":156,"column":5}},{"start":{"line":154,"column":4},"end":{"line":156,"column":5}}],"line":154},"4":{"loc":{"start":{"line":157,"column":4},"end":{"line":159,"column":5}},"type":"if","locations":[{"start":{"line":157,"column":4},"end":{"line":159,"column":5}},{"start":{"line":157,"column":4},"end":{"line":159,"column":5}}],"line":157},"5":{"loc":{"start":{"line":196,"column":4},"end":{"line":198,"column":5}},"type":"if","locations":[{"start":{"line":196,"column":4},"end":{"line":198,"column":5}},{"start":{"line":196,"column":4},"end":{"line":198,"column":5}}],"line":196},"6":{"loc":{"start":{"line":222,"column":4},"end":{"line":224,"column":5}},"type":"if","locations":[{"start":{"line":222,"column":4},"end":{"line":224,"column":5}},{"start":{"line":222,"column":4},"end":{"line":224,"column":5}}],"line":222},"7":{"loc":{"start":{"line":266,"column":6},"end":{"line":266,"column":52}},"type":"if","locations":[{"start":{"line":266,"column":6},"end":{"line":266,"column":52}},{"start":{"line":266,"column":6},"end":{"line":266,"column":52}}],"line":266},"8":{"loc":{"start":{"line":268,"column":4},"end":{"line":270,"column":5}},"type":"if","locations":[{"start":{"line":268,"column":4},"end":{"line":270,"column":5}},{"start":{"line":268,"column":4},"end":{"line":270,"column":5}}],"line":268}},"s":{"0":5,"1":5,"2":5,"3":5,"4":5,"5":5,"6":5,"7":5,"8":5,"9":5,"10":5,"11":5,"12":0,"13":0,"14":0,"15":0,"16":0,"17":0,"18":0,"19":0,"20":0,"21":0,"22":0,"23":3,"24":3,"25":3,"26":0,"27":3,"28":0,"29":3,"30":3,"31":3,"32":0,"33":3,"34":0,"35":3,"36":3,"37":3,"38":0,"39":3,"40":0,"41":0,"42":0,"43":0,"44":0,"45":0,"46":0,"47":0,"48":0,"49":0,"50":0,"51":0,"52":0,"53":0,"54":0,"55":0,"56":0,"57":0,"58":0,"59":0,"60":0,"61":0,"62":0,"63":0,"64":0,"65":0,"66":0,"67":0,"68":0,"69":0,"70":0,"71":0,"72":0,"73":0,"74":0,"75":0,"76":0,"77":0,"78":0,"79":0,"80":0,"81":1,"82":1,"83":1,"84":0,"85":1,"86":0,"87":1,"88":1,"89":1,"90":1,"91":1,"92":1,"93":0,"94":0,"95":1,"96":0,"97":0,"98":0,"99":0,"100":0,"101":0,"102":0,"103":0,"104":0,"105":0,"106":0,"107":0,"108":0,"109":0,"110":0,"111":0,"112":0,"113":0,"114":0,"115":0,"116":0,"117":0,"118":0,"119":0,"120":0,"121":0,"122":1,"123":1,"124":1,"125":0,"126":1,"127":1},"f":{"0":0,"1":3,"2":0,"3":0,"4":0,"5":0,"6":1,"7":0,"8":0,"9":0,"10":1},"b":{"0":[0,0],"1":[0,3],"2":[0,3],"3":[0,0],"4":[0,0],"5":[0,0],"6":[0,1],"7":[0,0],"8":[0,0]},"_coverageSchema":"1a1c01bbd47fc00a2c39e90264f33305004495a9","hash":"d7fa236d38e1d1c98437326311eea76260c4516b"}
,"D:\\Visual Code Projects\\Git\\LightBot\\lightbot_server\\src\\api\\controllers\\Validation.controller.js": {"path":"D:\\Visual Code Projects\\Git\\LightBot\\lightbot_server\\src\\api\\controllers\\Validation.controller.js","statementMap":{"0":{"start":{"line":2,"column":29},"end":{"line":2,"column":57}},"1":{"start":{"line":5,"column":23},"end":{"line":5,"column":58}},"2":{"start":{"line":7,"column":0},"end":{"line":20,"column":1}},"3":{"start":{"line":9,"column":19},"end":{"line":9,"column":40}},"4":{"start":{"line":10,"column":4},"end":{"line":12,"column":5}},"5":{"start":{"line":11,"column":6},"end":{"line":11,"column":19}},"6":{"start":{"line":13,"column":28},"end":{"line":13,"column":30}},"7":{"start":{"line":14,"column":4},"end":{"line":16,"column":67}},"8":{"start":{"line":16,"column":20},"end":{"line":16,"column":66}},"9":{"start":{"line":18,"column":4},"end":{"line":18,"column":63}}},"fnMap":{"0":{"name":"(anonymous_0)","decl":{"start":{"line":8,"column":12},"end":{"line":8,"column":13}},"loc":{"start":{"line":8,"column":38},"end":{"line":19,"column":3}},"line":8},"1":{"name":"(anonymous_1)","decl":{"start":{"line":16,"column":11},"end":{"line":16,"column":12}},"loc":{"start":{"line":16,"column":20},"end":{"line":16,"column":66}},"line":16}},"branchMap":{"0":{"loc":{"start":{"line":10,"column":4},"end":{"line":12,"column":5}},"type":"if","locations":[{"start":{"line":10,"column":4},"end":{"line":12,"column":5}},{"start":{"line":10,"column":4},"end":{"line":12,"column":5}}],"line":10}},"s":{"0":5,"1":5,"2":5,"3":5,"4":5,"5":3,"6":2,"7":2,"8":2,"9":2},"f":{"0":5,"1":2},"b":{"0":[3,2]},"_coverageSchema":"1a1c01bbd47fc00a2c39e90264f33305004495a9","hash":"d25524c4fce5fbc631f84cabbb322dd066b195b0"}
,"D:\\Visual Code Projects\\Git\\LightBot\\lightbot_server\\src\\api\\middlewares\\UserValidation.handler.js": {"path":"D:\\Visual Code Projects\\Git\\LightBot\\lightbot_server\\src\\api\\middlewares\\UserValidation.handler.js","statementMap":{"0":{"start":{"line":2,"column":17},"end":{"line":2,"column":45}},"1":{"start":{"line":4,"column":0},"end":{"line":71,"column":3}},"2":{"start":{"line":5,"column":4},"end":{"line":70,"column":5}},"3":{"start":{"line":7,"column":8},"end":{"line":29,"column":9}},"4":{"start":{"line":32,"column":8},"end":{"line":45,"column":9}},"5":{"start":{"line":48,"column":8},"end":{"line":48,"column":17}},"6":{"start":{"line":51,"column":8},"end":{"line":58,"column":9}},"7":{"start":{"line":61,"column":8},"end":{"line":68,"column":9}}},"fnMap":{"0":{"name":"(anonymous_0)","decl":{"start":{"line":4,"column":17},"end":{"line":4,"column":18}},"loc":{"start":{"line":4,"column":29},"end":{"line":71,"column":3}},"line":4}},"branchMap":{"0":{"loc":{"start":{"line":5,"column":4},"end":{"line":70,"column":5}},"type":"switch","locations":[{"start":{"line":6,"column":6},"end":{"line":30,"column":7}},{"start":{"line":31,"column":6},"end":{"line":46,"column":7}},{"start":{"line":47,"column":6},"end":{"line":49,"column":7}},{"start":{"line":50,"column":6},"end":{"line":59,"column":7}},{"start":{"line":60,"column":6},"end":{"line":69,"column":7}}],"line":5}},"s":{"0":5,"1":5,"2":10,"3":5,"4":5,"5":0,"6":0,"7":0},"f":{"0":10},"b":{"0":[5,5,0,0,0]},"_coverageSchema":"1a1c01bbd47fc00a2c39e90264f33305004495a9","hash":"146e335c190ebf15b5c672265a164fa65c9b1cf6"}
,"D:\\Visual Code Projects\\Git\\LightBot\\lightbot_server\\src\\api\\routes\\Config.route.js": {"path":"D:\\Visual Code Projects\\Git\\LightBot\\lightbot_server\\src\\api\\routes\\Config.route.js","statementMap":{"0":{"start":{"line":2,"column":15},"end":{"line":2,"column":42}},"1":{"start":{"line":5,"column":13},"end":{"line":5,"column":52}},"2":{"start":{"line":10,"column":0},"end":{"line":14,"column":1}},"3":{"start":{"line":16,"column":0},"end":{"line":16,"column":23}}},"fnMap":{},"branchMap":{},"s":{"0":5,"1":5,"2":5,"3":5},"f":{},"b":{},"_coverageSchema":"1a1c01bbd47fc00a2c39e90264f33305004495a9","hash":"ff25674dbb38eae402dc6cadcae5c5a2a639c8d8"}
,"D:\\Visual Code Projects\\Git\\LightBot\\lightbot_server\\src\\api\\routes\\Data.route.js": {"path":"D:\\Visual Code Projects\\Git\\LightBot\\lightbot_server\\src\\api\\routes\\Data.route.js","statementMap":{"0":{"start":{"line":2,"column":15},"end":{"line":2,"column":42}},"1":{"start":{"line":5,"column":13},"end":{"line":5,"column":52}},"2":{"start":{"line":10,"column":0},"end":{"line":14,"column":1}},"3":{"start":{"line":19,"column":0},"end":{"line":23,"column":1}},"4":{"start":{"line":28,"column":0},"end":{"line":32,"column":1}},"5":{"start":{"line":37,"column":0},"end":{"line":41,"column":1}},"6":{"start":{"line":46,"column":0},"end":{"line":50,"column":1}},"7":{"start":{"line":55,"column":0},"end":{"line":59,"column":1}},"8":{"start":{"line":64,"column":0},"end":{"line":68,"column":1}},"9":{"start":{"line":73,"column":0},"end":{"line":77,"column":1}},"10":{"start":{"line":82,"column":0},"end":{"line":86,"column":1}},"11":{"start":{"line":91,"column":0},"end":{"line":95,"column":1}},"12":{"start":{"line":97,"column":0},"end":{"line":97,"column":23}}},"fnMap":{},"branchMap":{},"s":{"0":5,"1":5,"2":5,"3":5,"4":5,"5":5,"6":5,"7":5,"8":5,"9":5,"10":5,"11":5,"12":5},"f":{},"b":{},"_coverageSchema":"1a1c01bbd47fc00a2c39e90264f33305004495a9","hash":"e5c745e908ee3c47f4726e93ae68cc0aef1e36b4"}
,"D:\\Visual Code Projects\\Git\\LightBot\\lightbot_server\\src\\api\\routes\\Error.route.js": {"path":"D:\\Visual Code Projects\\Git\\LightBot\\lightbot_server\\src\\api\\routes\\Error.route.js","statementMap":{"0":{"start":{"line":2,"column":15},"end":{"line":2,"column":42}},"1":{"start":{"line":5,"column":21},"end":{"line":5,"column":56}},"2":{"start":{"line":10,"column":0},"end":{"line":12,"column":2}},"3":{"start":{"line":11,"column":2},"end":{"line":11,"column":42}},"4":{"start":{"line":14,"column":0},"end":{"line":14,"column":23}}},"fnMap":{"0":{"name":"(anonymous_0)","decl":{"start":{"line":10,"column":16},"end":{"line":10,"column":17}},"loc":{"start":{"line":10,"column":36},"end":{"line":12,"column":1}},"line":10}},"branchMap":{},"s":{"0":5,"1":5,"2":5,"3":1,"4":5},"f":{"0":1},"b":{},"_coverageSchema":"1a1c01bbd47fc00a2c39e90264f33305004495a9","hash":"a0ccd9ee1bfcf73a366262e2d059667bdbf679a9"}
,"D:\\Visual Code Projects\\Git\\LightBot\\lightbot_server\\src\\api\\routes\\User.route.js": {"path":"D:\\Visual Code Projects\\Git\\LightBot\\lightbot_server\\src\\api\\routes\\User.route.js","statementMap":{"0":{"start":{"line":2,"column":15},"end":{"line":2,"column":42}},"1":{"start":{"line":5,"column":14},"end":{"line":5,"column":62}},"2":{"start":{"line":6,"column":16},"end":{"line":6,"column":63}},"3":{"start":{"line":9,"column":13},"end":{"line":9,"column":52}},"4":{"start":{"line":14,"column":0},"end":{"line":19,"column":1}},"5":{"start":{"line":24,"column":0},"end":{"line":29,"column":1}},"6":{"start":{"line":34,"column":0},"end":{"line":38,"column":1}},"7":{"start":{"line":43,"column":0},"end":{"line":47,"column":1}},"8":{"start":{"line":52,"column":0},"end":{"line":56,"column":1}},"9":{"start":{"line":61,"column":0},"end":{"line":65,"column":1}},"10":{"start":{"line":70,"column":0},"end":{"line":73,"column":1}},"11":{"start":{"line":78,"column":0},"end":{"line":81,"column":1}},"12":{"start":{"line":86,"column":0},"end":{"line":90,"column":1}},"13":{"start":{"line":95,"column":0},"end":{"line":99,"column":1}},"14":{"start":{"line":100,"column":0},"end":{"line":100,"column":23}}},"fnMap":{},"branchMap":{},"s":{"0":5,"1":5,"2":5,"3":5,"4":5,"5":5,"6":5,"7":5,"8":5,"9":5,"10":5,"11":5,"12":5,"13":5,"14":5},"f":{},"b":{},"_coverageSchema":"1a1c01bbd47fc00a2c39e90264f33305004495a9","hash":"2b03f0776c99ee2b610a10191315171cef275350"}
,"D:\\Visual Code Projects\\Git\\LightBot\\lightbot_server\\src\\config\\index.js": {"path":"D:\\Visual Code Projects\\Git\\LightBot\\lightbot_server\\src\\config\\index.js","statementMap":{"0":{"start":{"line":2,"column":0},"end":{"line":2,"column":66}},"1":{"start":{"line":5,"column":0},"end":{"line":5,"column":61}},"2":{"start":{"line":8,"column":0},"end":{"line":17,"column":1}}},"fnMap":{},"branchMap":{"0":{"loc":{"start":{"line":5,"column":23},"end":{"line":5,"column":60}},"type":"binary-expr","locations":[{"start":{"line":5,"column":23},"end":{"line":5,"column":43}},{"start":{"line":5,"column":47},"end":{"line":5,"column":60}}],"line":5}},"s":{"0":5,"1":5,"2":5},"f":{},"b":{"0":[5,0]},"_coverageSchema":"1a1c01bbd47fc00a2c39e90264f33305004495a9","hash":"4034ad68e26f51da06dff174be259e4cd72bc63f"}
,"D:\\Visual Code Projects\\Git\\LightBot\\lightbot_server\\src\\loaders\\db.loader.js": {"path":"D:\\Visual Code Projects\\Git\\LightBot\\lightbot_server\\src\\loaders\\db.loader.js","statementMap":{"0":{"start":{"line":2,"column":15},"end":{"line":2,"column":35}},"1":{"start":{"line":5,"column":17},"end":{"line":5,"column":36}},"2":{"start":{"line":7,"column":0},"end":{"line":39,"column":1}},"3":{"start":{"line":8,"column":2},"end":{"line":16,"column":3}},"4":{"start":{"line":17,"column":2},"end":{"line":22,"column":3}},"5":{"start":{"line":18,"column":4},"end":{"line":21,"column":5}},"6":{"start":{"line":23,"column":2},"end":{"line":26,"column":3}},"7":{"start":{"line":27,"column":2},"end":{"line":32,"column":3}},"8":{"start":{"line":28,"column":4},"end":{"line":31,"column":5}},"9":{"start":{"line":33,"column":2},"end":{"line":38,"column":4}},"10":{"start":{"line":34,"column":4},"end":{"line":37,"column":6}},"11":{"start":{"line":35,"column":6},"end":{"line":35,"column":78}},"12":{"start":{"line":36,"column":6},"end":{"line":36,"column":21}}},"fnMap":{"0":{"name":"(anonymous_0)","decl":{"start":{"line":7,"column":17},"end":{"line":7,"column":18}},"loc":{"start":{"line":7,"column":29},"end":{"line":39,"column":1}},"line":7},"1":{"name":"(anonymous_1)","decl":{"start":{"line":17,"column":38},"end":{"line":17,"column":39}},"loc":{"start":{"line":18,"column":4},"end":{"line":21,"column":5}},"line":18},"2":{"name":"(anonymous_2)","decl":{"start":{"line":27,"column":41},"end":{"line":27,"column":42}},"loc":{"start":{"line":28,"column":4},"end":{"line":31,"column":5}},"line":28},"3":{"name":"(anonymous_3)","decl":{"start":{"line":33,"column":23},"end":{"line":33,"column":24}},"loc":{"start":{"line":33,"column":29},"end":{"line":38,"column":3}},"line":33},"4":{"name":"(anonymous_4)","decl":{"start":{"line":34,"column":30},"end":{"line":34,"column":31}},"loc":{"start":{"line":34,"column":36},"end":{"line":37,"column":5}},"line":34}},"branchMap":{},"s":{"0":3,"1":3,"2":3,"3":3,"4":3,"5":3,"6":3,"7":3,"8":0,"9":3,"10":0,"11":0,"12":0},"f":{"0":3,"1":3,"2":0,"3":0,"4":0},"b":{},"_coverageSchema":"1a1c01bbd47fc00a2c39e90264f33305004495a9","hash":"a375aefecf37716174e12f3159a6344615f24640"}
,"D:\\Visual Code Projects\\Git\\LightBot\\lightbot_server\\src\\loaders\\express.loader.js": {"path":"D:\\Visual Code Projects\\Git\\LightBot\\lightbot_server\\src\\loaders\\express.loader.js","statementMap":{"0":{"start":{"line":2,"column":15},"end":{"line":2,"column":35}},"1":{"start":{"line":5,"column":16},"end":{"line":5,"column":34}},"2":{"start":{"line":6,"column":20},"end":{"line":6,"column":42}},"3":{"start":{"line":7,"column":18},"end":{"line":7,"column":47}},"4":{"start":{"line":8,"column":15},"end":{"line":8,"column":32}},"5":{"start":{"line":9,"column":13},"end":{"line":9,"column":28}},"6":{"start":{"line":10,"column":15},"end":{"line":10,"column":32}},"7":{"start":{"line":13,"column":18},"end":{"line":13,"column":53}},"8":{"start":{"line":14,"column":18},"end":{"line":14,"column":53}},"9":{"start":{"line":15,"column":19},"end":{"line":15,"column":55}},"10":{"start":{"line":16,"column":20},"end":{"line":16,"column":57}},"11":{"start":{"line":19,"column":21},"end":{"line":19,"column":65}},"12":{"start":{"line":21,"column":0},"end":{"line":104,"column":1}},"13":{"start":{"line":26,"column":2},"end":{"line":26,"column":43}},"14":{"start":{"line":32,"column":2},"end":{"line":32,"column":31}},"15":{"start":{"line":38,"column":2},"end":{"line":40,"column":4}},"16":{"start":{"line":39,"column":4},"end":{"line":39,"column":25}},"17":{"start":{"line":41,"column":2},"end":{"line":43,"column":4}},"18":{"start":{"line":42,"column":4},"end":{"line":42,"column":25}},"19":{"start":{"line":55,"column":2},"end":{"line":55,"column":19}},"20":{"start":{"line":62,"column":4},"end":{"line":64,"column":33}},"21":{"start":{"line":65,"column":2},"end":{"line":67,"column":3}},"22":{"start":{"line":66,"column":4},"end":{"line":66,"column":19}},"23":{"start":{"line":66,"column":12},"end":{"line":66,"column":19}},"24":{"start":{"line":68,"column":2},"end":{"line":68,"column":17}},"25":{"start":{"line":74,"column":16},"end":{"line":80,"column":4}},"26":{"start":{"line":81,"column":2},"end":{"line":81,"column":16}},"27":{"start":{"line":87,"column":2},"end":{"line":87,"column":47}},"28":{"start":{"line":94,"column":2},"end":{"line":94,"column":29}},"29":{"start":{"line":95,"column":2},"end":{"line":95,"column":29}},"30":{"start":{"line":96,"column":2},"end":{"line":96,"column":33}},"31":{"start":{"line":97,"column":2},"end":{"line":97,"column":21}},"32":{"start":{"line":103,"column":2},"end":{"line":103,"column":23}}},"fnMap":{"0":{"name":"(anonymous_0)","decl":{"start":{"line":21,"column":17},"end":{"line":21,"column":18}},"loc":{"start":{"line":21,"column":30},"end":{"line":104,"column":1}},"line":21},"1":{"name":"(anonymous_1)","decl":{"start":{"line":38,"column":21},"end":{"line":38,"column":22}},"loc":{"start":{"line":38,"column":35},"end":{"line":40,"column":3}},"line":38},"2":{"name":"(anonymous_2)","decl":{"start":{"line":41,"column":22},"end":{"line":41,"column":23}},"loc":{"start":{"line":41,"column":36},"end":{"line":43,"column":3}},"line":41}},"branchMap":{"0":{"loc":{"start":{"line":62,"column":4},"end":{"line":64,"column":33}},"type":"cond-expr","locations":[{"start":{"line":63,"column":8},"end":{"line":63,"column":32}},{"start":{"line":64,"column":8},"end":{"line":64,"column":33}}],"line":62}},"s":{"0":5,"1":5,"2":5,"3":5,"4":5,"5":5,"6":5,"7":5,"8":5,"9":5,"10":5,"11":5,"12":5,"13":5,"14":5,"15":5,"16":2,"17":5,"18":0,"19":5,"20":5,"21":5,"22":5,"23":5,"24":5,"25":5,"26":5,"27":5,"28":5,"29":5,"30":5,"31":5,"32":5},"f":{"0":5,"1":2,"2":0},"b":{"0":[0,5]},"_coverageSchema":"1a1c01bbd47fc00a2c39e90264f33305004495a9","hash":"c021e3fe3d38f6748983ca5b75abbc86c6a16f7c"}
,"D:\\Visual Code Projects\\Git\\LightBot\\lightbot_server\\src\\models\\Error.model.js": {"path":"D:\\Visual Code Projects\\Git\\LightBot\\lightbot_server\\src\\models\\Error.model.js","statementMap":{"0":{"start":{"line":3,"column":4},"end":{"line":3,"column":18}},"1":{"start":{"line":4,"column":4},"end":{"line":4,"column":20}},"2":{"start":{"line":7,"column":4},"end":{"line":7,"column":46}},"3":{"start":{"line":7,"column":36},"end":{"line":7,"column":46}},"4":{"start":{"line":8,"column":4},"end":{"line":8,"column":48}},"5":{"start":{"line":8,"column":38},"end":{"line":8,"column":48}},"6":{"start":{"line":9,"column":4},"end":{"line":9,"column":45}},"7":{"start":{"line":9,"column":35},"end":{"line":9,"column":45}},"8":{"start":{"line":10,"column":4},"end":{"line":10,"column":44}},"9":{"start":{"line":10,"column":34},"end":{"line":10,"column":44}},"10":{"start":{"line":11,"column":4},"end":{"line":11,"column":49}},"11":{"start":{"line":11,"column":39},"end":{"line":11,"column":49}},"12":{"start":{"line":20,"column":0},"end":{"line":26,"column":1}}},"fnMap":{"0":{"name":"(anonymous_0)","decl":{"start":{"line":2,"column":2},"end":{"line":2,"column":3}},"loc":{"start":{"line":2,"column":29},"end":{"line":5,"column":3}},"line":2},"1":{"name":"(anonymous_1)","decl":{"start":{"line":6,"column":2},"end":{"line":6,"column":3}},"loc":{"start":{"line":6,"column":12},"end":{"line":12,"column":3}},"line":6}},"branchMap":{"0":{"loc":{"start":{"line":7,"column":4},"end":{"line":7,"column":46}},"type":"if","locations":[{"start":{"line":7,"column":4},"end":{"line":7,"column":46}},{"start":{"line":7,"column":4},"end":{"line":7,"column":46}}],"line":7},"1":{"loc":{"start":{"line":8,"column":4},"end":{"line":8,"column":48}},"type":"if","locations":[{"start":{"line":8,"column":4},"end":{"line":8,"column":48}},{"start":{"line":8,"column":4},"end":{"line":8,"column":48}}],"line":8},"2":{"loc":{"start":{"line":9,"column":4},"end":{"line":9,"column":45}},"type":"if","locations":[{"start":{"line":9,"column":4},"end":{"line":9,"column":45}},{"start":{"line":9,"column":4},"end":{"line":9,"column":45}}],"line":9},"3":{"loc":{"start":{"line":10,"column":4},"end":{"line":10,"column":44}},"type":"if","locations":[{"start":{"line":10,"column":4},"end":{"line":10,"column":44}},{"start":{"line":10,"column":4},"end":{"line":10,"column":44}}],"line":10},"4":{"loc":{"start":{"line":11,"column":4},"end":{"line":11,"column":49}},"type":"if","locations":[{"start":{"line":11,"column":4},"end":{"line":11,"column":49}},{"start":{"line":11,"column":4},"end":{"line":11,"column":49}}],"line":11}},"s":{"0":9,"1":9,"2":13,"3":5,"4":8,"5":3,"6":5,"7":1,"8":4,"9":3,"10":1,"11":1,"12":6},"f":{"0":9,"1":13},"b":{"0":[5,8],"1":[3,5],"2":[1,4],"3":[3,1],"4":[1,0]},"_coverageSchema":"1a1c01bbd47fc00a2c39e90264f33305004495a9","hash":"fd15cf215816fa72ac5096a86abdb72f10636e5c"}
,"D:\\Visual Code Projects\\Git\\LightBot\\lightbot_server\\src\\models\\Forum.model.js": {"path":"D:\\Visual Code Projects\\Git\\LightBot\\lightbot_server\\src\\models\\Forum.model.js","statementMap":{"0":{"start":{"line":3,"column":17},"end":{"line":3,"column":36}},"1":{"start":{"line":5,"column":20},"end":{"line":28,"column":2}},"2":{"start":{"line":29,"column":0},"end":{"line":29,"column":53}}},"fnMap":{},"branchMap":{},"s":{"0":5,"1":5,"2":5},"f":{},"b":{},"_coverageSchema":"1a1c01bbd47fc00a2c39e90264f33305004495a9","hash":"17ca18f7256b6a8e788cd7cc071cab867871a628"}
,"D:\\Visual Code Projects\\Git\\LightBot\\lightbot_server\\src\\models\\Graph.model.js": {"path":"D:\\Visual Code Projects\\Git\\LightBot\\lightbot_server\\src\\models\\Graph.model.js","statementMap":{"0":{"start":{"line":2,"column":17},"end":{"line":2,"column":36}},"1":{"start":{"line":4,"column":20},"end":{"line":26,"column":2}},"2":{"start":{"line":27,"column":0},"end":{"line":27,"column":53}}},"fnMap":{},"branchMap":{},"s":{"0":5,"1":5,"2":5},"f":{},"b":{},"_coverageSchema":"1a1c01bbd47fc00a2c39e90264f33305004495a9","hash":"266025bb0e12338bfd349a0aa4a014f0a0be6b75"}
,"D:\\Visual Code Projects\\Git\\LightBot\\lightbot_server\\src\\models\\Success.model.js": {"path":"D:\\Visual Code Projects\\Git\\LightBot\\lightbot_server\\src\\models\\Success.model.js","statementMap":{"0":{"start":{"line":3,"column":4},"end":{"line":7,"column":5}},"1":{"start":{"line":11,"column":0},"end":{"line":13,"column":1}}},"fnMap":{"0":{"name":"(anonymous_0)","decl":{"start":{"line":2,"column":2},"end":{"line":2,"column":3}},"loc":{"start":{"line":2,"column":29},"end":{"line":8,"column":3}},"line":2}},"branchMap":{},"s":{"0":11,"1":5},"f":{"0":11},"b":{},"_coverageSchema":"1a1c01bbd47fc00a2c39e90264f33305004495a9","hash":"68fe49f37b32c68420ec6aaa93e034302a633094"}
,"D:\\Visual Code Projects\\Git\\LightBot\\lightbot_server\\src\\models\\User.model.js": {"path":"D:\\Visual Code Projects\\Git\\LightBot\\lightbot_server\\src\\models\\User.model.js","statementMap":{"0":{"start":{"line":2,"column":17},"end":{"line":2,"column":36}},"1":{"start":{"line":3,"column":11},"end":{"line":3,"column":47}},"2":{"start":{"line":5,"column":19},"end":{"line":42,"column":2}},"3":{"start":{"line":44,"column":0},"end":{"line":44,"column":21}},"4":{"start":{"line":46,"column":0},"end":{"line":46,"column":51}}},"fnMap":{},"branchMap":{},"s":{"0":5,"1":5,"2":5,"3":5,"4":5},"f":{},"b":{},"_coverageSchema":"1a1c01bbd47fc00a2c39e90264f33305004495a9","hash":"76ec6d95955e5521684f84def79e8812579df087"}
,"D:\\Visual Code Projects\\Git\\LightBot\\lightbot_server\\src\\services\\DataFormatter.service.js": {"path":"D:\\Visual Code Projects\\Git\\LightBot\\lightbot_server\\src\\services\\DataFormatter.service.js","statementMap":{"0":{"start":{"line":2,"column":11},"end":{"line":2,"column":24}},"1":{"start":{"line":5,"column":26},"end":{"line":5,"column":58}},"2":{"start":{"line":6,"column":14},"end":{"line":6,"column":46}},"3":{"start":{"line":8,"column":0},"end":{"line":16,"column":1}},"4":{"start":{"line":9,"column":13},"end":{"line":12,"column":18}},"5":{"start":{"line":13,"column":4},"end":{"line":13,"column":14}},"6":{"start":{"line":14,"column":4},"end":{"line":14,"column":27}},"7":{"start":{"line":15,"column":2},"end":{"line":15,"column":13}},"8":{"start":{"line":17,"column":0},"end":{"line":31,"column":1}},"9":{"start":{"line":18,"column":2},"end":{"line":30,"column":3}},"10":{"start":{"line":19,"column":18},"end":{"line":24,"column":6}},"11":{"start":{"line":25,"column":4},"end":{"line":25,"column":22}},"12":{"start":{"line":27,"column":4},"end":{"line":29,"column":5}},"13":{"start":{"line":32,"column":0},"end":{"line":63,"column":1}},"14":{"start":{"line":35,"column":4},"end":{"line":35,"column":66}},"15":{"start":{"line":36,"column":4},"end":{"line":36,"column":45}},"16":{"start":{"line":37,"column":4},"end":{"line":37,"column":68}},"17":{"start":{"line":38,"column":4},"end":{"line":38,"column":44}},"18":{"start":{"line":39,"column":4},"end":{"line":39,"column":68}},"19":{"start":{"line":40,"column":4},"end":{"line":40,"column":47}},"20":{"start":{"line":41,"column":4},"end":{"line":41,"column":70}},"21":{"start":{"line":42,"column":4},"end":{"line":42,"column":46}},"22":{"start":{"line":43,"column":4},"end":{"line":43,"column":63}},"23":{"start":{"line":44,"column":4},"end":{"line":44,"column":49}},"24":{"start":{"line":45,"column":4},"end":{"line":45,"column":67}},"25":{"start":{"line":46,"column":4},"end":{"line":46,"column":44}},"26":{"start":{"line":48,"column":4},"end":{"line":48,"column":69}},"27":{"start":{"line":49,"column":4},"end":{"line":49,"column":48}},"28":{"start":{"line":50,"column":4},"end":{"line":50,"column":71}},"29":{"start":{"line":51,"column":4},"end":{"line":51,"column":47}},"30":{"start":{"line":52,"column":4},"end":{"line":52,"column":71}},"31":{"start":{"line":53,"column":4},"end":{"line":53,"column":50}},"32":{"start":{"line":54,"column":4},"end":{"line":54,"column":73}},"33":{"start":{"line":55,"column":4},"end":{"line":55,"column":49}},"34":{"start":{"line":56,"column":4},"end":{"line":56,"column":66}},"35":{"start":{"line":57,"column":4},"end":{"line":57,"column":52}},"36":{"start":{"line":58,"column":4},"end":{"line":58,"column":70}},"37":{"start":{"line":59,"column":4},"end":{"line":59,"column":47}}},"fnMap":{"0":{"name":"(anonymous_0)","decl":{"start":{"line":8,"column":11},"end":{"line":8,"column":12}},"loc":{"start":{"line":8,"column":25},"end":{"line":16,"column":1}},"line":8},"1":{"name":"(anonymous_1)","decl":{"start":{"line":17,"column":12},"end":{"line":17,"column":13}},"loc":{"start":{"line":17,"column":52},"end":{"line":31,"column":1}},"line":17},"2":{"name":"(anonymous_2)","decl":{"start":{"line":33,"column":14},"end":{"line":33,"column":15}},"loc":{"start":{"line":33,"column":26},"end":{"line":62,"column":5}},"line":33}},"branchMap":{},"s":{"0":5,"1":5,"2":5,"3":5,"4":12,"5":12,"6":12,"7":12,"8":5,"9":12,"10":12,"11":12,"12":0,"13":5,"14":1,"15":1,"16":1,"17":1,"18":1,"19":1,"20":1,"21":1,"22":1,"23":1,"24":1,"25":1,"26":1,"27":1,"28":1,"29":1,"30":1,"31":1,"32":1,"33":1,"34":1,"35":1,"36":1,"37":1},"f":{"0":12,"1":12,"2":1},"b":{},"_coverageSchema":"1a1c01bbd47fc00a2c39e90264f33305004495a9","hash":"927efd5311197d5265608deec197232598f9f40f"}
,"D:\\Visual Code Projects\\Git\\LightBot\\lightbot_server\\src\\services\\Edit.service.js": {"path":"D:\\Visual Code Projects\\Git\\LightBot\\lightbot_server\\src\\services\\Edit.service.js","statementMap":{"0":{"start":{"line":1,"column":11},"end":{"line":1,"column":24}},"1":{"start":{"line":3,"column":0},"end":{"line":38,"column":1}},"2":{"start":{"line":5,"column":16},"end":{"line":5,"column":17}},"3":{"start":{"line":6,"column":14},"end":{"line":6,"column":16}},"4":{"start":{"line":7,"column":15},"end":{"line":10,"column":18}},"5":{"start":{"line":11,"column":4},"end":{"line":15,"column":5}},"6":{"start":{"line":11,"column":21},"end":{"line":11,"column":22}},"7":{"start":{"line":12,"column":6},"end":{"line":12,"column":65}},"8":{"start":{"line":12,"column":22},"end":{"line":12,"column":65}},"9":{"start":{"line":13,"column":6},"end":{"line":13,"column":65}},"10":{"start":{"line":13,"column":22},"end":{"line":13,"column":65}},"11":{"start":{"line":14,"column":6},"end":{"line":14,"column":31}},"12":{"start":{"line":16,"column":4},"end":{"line":19,"column":5}},"13":{"start":{"line":22,"column":16},"end":{"line":22,"column":17}},"14":{"start":{"line":23,"column":14},"end":{"line":23,"column":16}},"15":{"start":{"line":24,"column":15},"end":{"line":27,"column":18}},"16":{"start":{"line":28,"column":4},"end":{"line":32,"column":5}},"17":{"start":{"line":28,"column":21},"end":{"line":28,"column":22}},"18":{"start":{"line":29,"column":6},"end":{"line":29,"column":65}},"19":{"start":{"line":29,"column":22},"end":{"line":29,"column":65}},"20":{"start":{"line":30,"column":6},"end":{"line":30,"column":65}},"21":{"start":{"line":30,"column":22},"end":{"line":30,"column":65}},"22":{"start":{"line":31,"column":6},"end":{"line":31,"column":31}},"23":{"start":{"line":33,"column":4},"end":{"line":36,"column":5}}},"fnMap":{"0":{"name":"(anonymous_0)","decl":{"start":{"line":4,"column":13},"end":{"line":4,"column":14}},"loc":{"start":{"line":4,"column":29},"end":{"line":20,"column":3}},"line":4},"1":{"name":"(anonymous_1)","decl":{"start":{"line":21,"column":10},"end":{"line":21,"column":11}},"loc":{"start":{"line":21,"column":26},"end":{"line":37,"column":3}},"line":21}},"branchMap":{"0":{"loc":{"start":{"line":12,"column":6},"end":{"line":12,"column":65}},"type":"if","locations":[{"start":{"line":12,"column":6},"end":{"line":12,"column":65}},{"start":{"line":12,"column":6},"end":{"line":12,"column":65}}],"line":12},"1":{"loc":{"start":{"line":13,"column":6},"end":{"line":13,"column":65}},"type":"if","locations":[{"start":{"line":13,"column":6},"end":{"line":13,"column":65}},{"start":{"line":13,"column":6},"end":{"line":13,"column":65}}],"line":13},"2":{"loc":{"start":{"line":29,"column":6},"end":{"line":29,"column":65}},"type":"if","locations":[{"start":{"line":29,"column":6},"end":{"line":29,"column":65}},{"start":{"line":29,"column":6},"end":{"line":29,"column":65}}],"line":29},"3":{"loc":{"start":{"line":30,"column":6},"end":{"line":30,"column":65}},"type":"if","locations":[{"start":{"line":30,"column":6},"end":{"line":30,"column":65}},{"start":{"line":30,"column":6},"end":{"line":30,"column":65}}],"line":30}},"s":{"0":5,"1":5,"2":1,"3":1,"4":1,"5":1,"6":1,"7":45,"8":1,"9":45,"10":1,"11":45,"12":1,"13":1,"14":1,"15":1,"16":1,"17":1,"18":45,"19":1,"20":45,"21":1,"22":45,"23":1},"f":{"0":1,"1":1},"b":{"0":[1,44],"1":[1,44],"2":[1,44],"3":[1,44]},"_coverageSchema":"1a1c01bbd47fc00a2c39e90264f33305004495a9","hash":"5536eb1f4ad1bf582ea289de4a25c3b1e4e2a9db"}
,"D:\\Visual Code Projects\\Git\\LightBot\\lightbot_server\\src\\services\\Errorhandling.service.js": {"path":"D:\\Visual Code Projects\\Git\\LightBot\\lightbot_server\\src\\services\\Errorhandling.service.js","statementMap":{"0":{"start":{"line":2,"column":26},"end":{"line":2,"column":58}},"1":{"start":{"line":4,"column":0},"end":{"line":12,"column":1}},"2":{"start":{"line":5,"column":4},"end":{"line":11,"column":6}}},"fnMap":{"0":{"name":"(anonymous_0)","decl":{"start":{"line":4,"column":17},"end":{"line":4,"column":18}},"loc":{"start":{"line":4,"column":42},"end":{"line":12,"column":1}},"line":4}},"branchMap":{"0":{"loc":{"start":{"line":5,"column":22},"end":{"line":5,"column":75}},"type":"cond-expr","locations":[{"start":{"line":5,"column":58},"end":{"line":5,"column":71}},{"start":{"line":5,"column":72},"end":{"line":5,"column":75}}],"line":5},"1":{"loc":{"start":{"line":7,"column":20},"end":{"line":7,"column":73}},"type":"cond-expr","locations":[{"start":{"line":7,"column":56},"end":{"line":7,"column":69}},{"start":{"line":7,"column":70},"end":{"line":7,"column":73}}],"line":7},"2":{"loc":{"start":{"line":8,"column":21},"end":{"line":8,"column":59}},"type":"binary-expr","locations":[{"start":{"line":8,"column":21},"end":{"line":8,"column":32}},{"start":{"line":8,"column":36},"end":{"line":8,"column":59}}],"line":8}},"s":{"0":5,"1":5,"2":4},"f":{"0":4},"b":{"0":[4,0],"1":[4,0],"2":[4,0]},"_coverageSchema":"1a1c01bbd47fc00a2c39e90264f33305004495a9","hash":"74b9cb9d301899759d57aa361bf8cf0d7b1a7dd6"}
,"D:\\Visual Code Projects\\Git\\LightBot\\lightbot_server\\src\\services\\Guard.service.js": {"path":"D:\\Visual Code Projects\\Git\\LightBot\\lightbot_server\\src\\services\\Guard.service.js","statementMap":{"0":{"start":{"line":2,"column":15},"end":{"line":2,"column":35}},"1":{"start":{"line":5,"column":21},"end":{"line":5,"column":53}},"2":{"start":{"line":6,"column":12},"end":{"line":6,"column":35}},"3":{"start":{"line":9,"column":25},"end":{"line":9,"column":57}},"4":{"start":{"line":11,"column":0},"end":{"line":30,"column":1}},"5":{"start":{"line":13,"column":4},"end":{"line":28,"column":5}},"6":{"start":{"line":14,"column":20},"end":{"line":14,"column":59}},"7":{"start":{"line":15,"column":6},"end":{"line":17,"column":7}},"8":{"start":{"line":16,"column":8},"end":{"line":16,"column":63}},"9":{"start":{"line":18,"column":22},"end":{"line":18,"column":57}},"10":{"start":{"line":19,"column":6},"end":{"line":22,"column":7}},"11":{"start":{"line":23,"column":6},"end":{"line":23,"column":12}},"12":{"start":{"line":26,"column":8},"end":{"line":26,"column":63}}},"fnMap":{"0":{"name":"(anonymous_0)","decl":{"start":{"line":12,"column":22},"end":{"line":12,"column":23}},"loc":{"start":{"line":12,"column":48},"end":{"line":29,"column":3}},"line":12}},"branchMap":{"0":{"loc":{"start":{"line":15,"column":6},"end":{"line":17,"column":7}},"type":"if","locations":[{"start":{"line":15,"column":6},"end":{"line":17,"column":7}},{"start":{"line":15,"column":6},"end":{"line":17,"column":7}}],"line":15}},"s":{"0":5,"1":5,"2":5,"3":5,"4":5,"5":8,"6":8,"7":7,"8":0,"9":7,"10":7,"11":7,"12":1},"f":{"0":8},"b":{"0":[0,7]},"_coverageSchema":"1a1c01bbd47fc00a2c39e90264f33305004495a9","hash":"fa705e355aa9e87dcc9d569a93faaa56b9e32209"}
,"D:\\Visual Code Projects\\Git\\LightBot\\lightbot_server\\src\\services\\Mailer.service.js": {"path":"D:\\Visual Code Projects\\Git\\LightBot\\lightbot_server\\src\\services\\Mailer.service.js","statementMap":{"0":{"start":{"line":2,"column":15},"end":{"line":2,"column":35}},"1":{"start":{"line":5,"column":19},"end":{"line":5,"column":40}},"2":{"start":{"line":7,"column":15},"end":{"line":25,"column":1}},"3":{"start":{"line":8,"column":22},"end":{"line":14,"column":4}},"4":{"start":{"line":16,"column":18},"end":{"line":21,"column":3}},"5":{"start":{"line":23,"column":15},"end":{"line":23,"column":50}},"6":{"start":{"line":24,"column":2},"end":{"line":24,"column":55}},"7":{"start":{"line":27,"column":0},"end":{"line":27,"column":23}}},"fnMap":{"0":{"name":"(anonymous_0)","decl":{"start":{"line":7,"column":15},"end":{"line":7,"column":16}},"loc":{"start":{"line":7,"column":34},"end":{"line":25,"column":1}},"line":7}},"branchMap":{},"s":{"0":5,"1":5,"2":5,"3":1,"4":1,"5":1,"6":1,"7":5},"f":{"0":1},"b":{},"_coverageSchema":"1a1c01bbd47fc00a2c39e90264f33305004495a9","hash":"6bd3b387d9ec88319af10cf163aa2dfa77d5ba23"}
}
