{"D:\\Visual Code Projects\\Git\\LightBot\\lightbot_server\\server.js": {"path":"D:\\Visual Code Projects\\Git\\LightBot\\lightbot_server\\server.js","statementMap":{"0":{"start":{"line":2,"column":0},"end":{"line":2,"column":18}},"1":{"start":{"line":3,"column":0},"end":{"line":3,"column":63}},"2":{"start":{"line":4,"column":16},"end":{"line":4,"column":34}},"3":{"start":{"line":5,"column":12},"end":{"line":5,"column":21}},"4":{"start":{"line":8,"column":13},"end":{"line":8,"column":37}},"5":{"start":{"line":11,"column":0},"end":{"line":11,"column":37}},"6":{"start":{"line":14,"column":0},"end":{"line":14,"column":41}},"7":{"start":{"line":15,"column":0},"end":{"line":15,"column":54}},"8":{"start":{"line":16,"column":0},"end":{"line":16,"column":55}},"9":{"start":{"line":25,"column":0},"end":{"line":25,"column":48}},"10":{"start":{"line":27,"column":0},"end":{"line":27,"column":48}},"11":{"start":{"line":29,"column":0},"end":{"line":29,"column":40}},"12":{"start":{"line":32,"column":0},"end":{"line":32,"column":46}},"13":{"start":{"line":39,"column":0},"end":{"line":39,"column":20}}},"fnMap":{},"branchMap":{"0":{"loc":{"start":{"line":8,"column":13},"end":{"line":8,"column":37}},"type":"binary-expr","locations":[{"start":{"line":8,"column":13},"end":{"line":8,"column":29}},{"start":{"line":8,"column":33},"end":{"line":8,"column":37}}],"line":8}},"s":{"0":1,"1":1,"2":1,"3":1,"4":1,"5":1,"6":1,"7":1,"8":1,"9":1,"10":1,"11":1,"12":1,"13":1},"f":{},"b":{"0":[1,0]},"_coverageSchema":"1a1c01bbd47fc00a2c39e90264f33305004495a9","hash":"117fe3c689f38065cce43aa4416e39f59e535fa6"}
,"D:\\Visual Code Projects\\Git\\LightBot\\lightbot_server\\controllers\\Data.controller.js": {"path":"D:\\Visual Code Projects\\Git\\LightBot\\lightbot_server\\controllers\\Data.controller.js","statementMap":{"0":{"start":{"line":1,"column":21},"end":{"line":1,"column":53}},"1":{"start":{"line":2,"column":48},"end":{"line":2,"column":78}},"2":{"start":{"line":3,"column":28},"end":{"line":3,"column":60}},"3":{"start":{"line":5,"column":14},"end":{"line":5,"column":46}},"4":{"start":{"line":6,"column":13},"end":{"line":6,"column":44}},"5":{"start":{"line":7,"column":23},"end":{"line":7,"column":51}},"6":{"start":{"line":8,"column":17},"end":{"line":8,"column":36}},"7":{"start":{"line":12,"column":0},"end":{"line":137,"column":1}},"8":{"start":{"line":14,"column":4},"end":{"line":16,"column":5}},"9":{"start":{"line":20,"column":4},"end":{"line":22,"column":5}},"10":{"start":{"line":26,"column":4},"end":{"line":31,"column":5}},"11":{"start":{"line":35,"column":4},"end":{"line":37,"column":5}},"12":{"start":{"line":41,"column":40},"end":{"line":41,"column":48}},"13":{"start":{"line":42,"column":28},"end":{"line":46,"column":6}},"14":{"start":{"line":48,"column":4},"end":{"line":55,"column":5}},"15":{"start":{"line":49,"column":8},"end":{"line":49,"column":43}},"16":{"start":{"line":52,"column":6},"end":{"line":54,"column":7}},"17":{"start":{"line":56,"column":4},"end":{"line":61,"column":5}},"18":{"start":{"line":58,"column":6},"end":{"line":60,"column":7}},"19":{"start":{"line":62,"column":4},"end":{"line":73,"column":5}},"20":{"start":{"line":63,"column":22},"end":{"line":63,"column":51}},"21":{"start":{"line":64,"column":6},"end":{"line":64,"column":32}},"22":{"start":{"line":65,"column":6},"end":{"line":65,"column":52}},"23":{"start":{"line":66,"column":6},"end":{"line":66,"column":43}},"24":{"start":{"line":67,"column":6},"end":{"line":67,"column":41}},"25":{"start":{"line":68,"column":6},"end":{"line":68,"column":39}},"26":{"start":{"line":70,"column":6},"end":{"line":72,"column":7}},"27":{"start":{"line":74,"column":4},"end":{"line":79,"column":5}},"28":{"start":{"line":83,"column":19},"end":{"line":83,"column":41}},"29":{"start":{"line":84,"column":31},"end":{"line":84,"column":39}},"30":{"start":{"line":86,"column":4},"end":{"line":92,"column":5}},"31":{"start":{"line":87,"column":6},"end":{"line":87,"column":43}},"32":{"start":{"line":89,"column":6},"end":{"line":91,"column":7}},"33":{"start":{"line":93,"column":4},"end":{"line":93,"column":24}},"34":{"start":{"line":94,"column":4},"end":{"line":94,"column":28}},"35":{"start":{"line":96,"column":4},"end":{"line":102,"column":5}},"36":{"start":{"line":97,"column":6},"end":{"line":97,"column":25}},"37":{"start":{"line":99,"column":6},"end":{"line":101,"column":7}},"38":{"start":{"line":104,"column":4},"end":{"line":109,"column":5}},"39":{"start":{"line":113,"column":19},"end":{"line":113,"column":41}},"40":{"start":{"line":115,"column":4},"end":{"line":121,"column":5}},"41":{"start":{"line":116,"column":6},"end":{"line":116,"column":48}},"42":{"start":{"line":118,"column":6},"end":{"line":120,"column":7}},"43":{"start":{"line":122,"column":4},"end":{"line":129,"column":5}},"44":{"start":{"line":123,"column":6},"end":{"line":123,"column":27}},"45":{"start":{"line":126,"column":6},"end":{"line":128,"column":7}},"46":{"start":{"line":130,"column":4},"end":{"line":135,"column":5}}},"fnMap":{"0":{"name":"(anonymous_0)","decl":{"start":{"line":13,"column":29},"end":{"line":13,"column":30}},"loc":{"start":{"line":13,"column":55},"end":{"line":17,"column":3}},"line":13},"1":{"name":"(anonymous_1)","decl":{"start":{"line":19,"column":29},"end":{"line":19,"column":30}},"loc":{"start":{"line":19,"column":55},"end":{"line":23,"column":3}},"line":19},"2":{"name":"(anonymous_2)","decl":{"start":{"line":25,"column":36},"end":{"line":25,"column":37}},"loc":{"start":{"line":25,"column":62},"end":{"line":32,"column":3}},"line":25},"3":{"name":"(anonymous_3)","decl":{"start":{"line":34,"column":29},"end":{"line":34,"column":30}},"loc":{"start":{"line":34,"column":55},"end":{"line":38,"column":3}},"line":34},"4":{"name":"(anonymous_4)","decl":{"start":{"line":40,"column":29},"end":{"line":40,"column":30}},"loc":{"start":{"line":40,"column":55},"end":{"line":80,"column":3}},"line":40},"5":{"name":"(anonymous_5)","decl":{"start":{"line":82,"column":32},"end":{"line":82,"column":33}},"loc":{"start":{"line":82,"column":58},"end":{"line":110,"column":3}},"line":82},"6":{"name":"(anonymous_6)","decl":{"start":{"line":112,"column":32},"end":{"line":112,"column":33}},"loc":{"start":{"line":112,"column":58},"end":{"line":136,"column":3}},"line":112}},"branchMap":{"0":{"loc":{"start":{"line":56,"column":4},"end":{"line":61,"column":5}},"type":"if","locations":[{"start":{"line":56,"column":4},"end":{"line":61,"column":5}},{"start":{"line":56,"column":4},"end":{"line":61,"column":5}}],"line":56}},"s":{"0":1,"1":1,"2":1,"3":1,"4":1,"5":1,"6":1,"7":1,"8":0,"9":0,"10":0,"11":0,"12":0,"13":0,"14":0,"15":0,"16":0,"17":0,"18":0,"19":0,"20":0,"21":0,"22":0,"23":0,"24":0,"25":0,"26":0,"27":0,"28":0,"29":0,"30":0,"31":0,"32":0,"33":0,"34":0,"35":0,"36":0,"37":0,"38":0,"39":0,"40":0,"41":0,"42":0,"43":0,"44":0,"45":0,"46":0},"f":{"0":0,"1":0,"2":0,"3":0,"4":0,"5":0,"6":0},"b":{"0":[0,0]},"_coverageSchema":"1a1c01bbd47fc00a2c39e90264f33305004495a9","hash":"6da196389aaedb2a3cffa7f6ad8f953cf9fd75e7"}
,"D:\\Visual Code Projects\\Git\\LightBot\\lightbot_server\\controllers\\User.controller.js": {"path":"D:\\Visual Code Projects\\Git\\LightBot\\lightbot_server\\controllers\\User.controller.js","statementMap":{"0":{"start":{"line":1,"column":21},"end":{"line":1,"column":53}},"1":{"start":{"line":2,"column":48},"end":{"line":2,"column":78}},"2":{"start":{"line":3,"column":28},"end":{"line":3,"column":60}},"3":{"start":{"line":4,"column":13},"end":{"line":4,"column":44}},"4":{"start":{"line":5,"column":15},"end":{"line":5,"column":34}},"5":{"start":{"line":6,"column":12},"end":{"line":6,"column":35}},"6":{"start":{"line":8,"column":0},"end":{"line":8,"column":21}},"7":{"start":{"line":10,"column":0},"end":{"line":165,"column":1}},"8":{"start":{"line":12,"column":67},"end":{"line":12,"column":75}},"9":{"start":{"line":14,"column":4},"end":{"line":21,"column":5}},"10":{"start":{"line":15,"column":6},"end":{"line":15,"column":60}},"11":{"start":{"line":18,"column":6},"end":{"line":20,"column":7}},"12":{"start":{"line":22,"column":4},"end":{"line":27,"column":5}},"13":{"start":{"line":24,"column":6},"end":{"line":26,"column":7}},"14":{"start":{"line":29,"column":24},"end":{"line":35,"column":6}},"15":{"start":{"line":36,"column":4},"end":{"line":45,"column":5}},"16":{"start":{"line":37,"column":19},"end":{"line":37,"column":57}},"17":{"start":{"line":38,"column":6},"end":{"line":38,"column":84}},"18":{"start":{"line":39,"column":6},"end":{"line":39,"column":30}},"19":{"start":{"line":42,"column":6},"end":{"line":44,"column":7}},"20":{"start":{"line":46,"column":4},"end":{"line":46,"column":66}},"21":{"start":{"line":50,"column":42},"end":{"line":50,"column":50}},"22":{"start":{"line":52,"column":4},"end":{"line":59,"column":5}},"23":{"start":{"line":53,"column":6},"end":{"line":53,"column":60}},"24":{"start":{"line":56,"column":6},"end":{"line":58,"column":7}},"25":{"start":{"line":60,"column":4},"end":{"line":65,"column":5}},"26":{"start":{"line":62,"column":6},"end":{"line":64,"column":7}},"27":{"start":{"line":66,"column":26},"end":{"line":66,"column":31}},"28":{"start":{"line":67,"column":4},"end":{"line":75,"column":5}},"29":{"start":{"line":68,"column":6},"end":{"line":68,"column":83}},"30":{"start":{"line":72,"column":6},"end":{"line":74,"column":7}},"31":{"start":{"line":76,"column":4},"end":{"line":81,"column":5}},"32":{"start":{"line":78,"column":6},"end":{"line":80,"column":7}},"33":{"start":{"line":83,"column":4},"end":{"line":104,"column":5}},"34":{"start":{"line":84,"column":22},"end":{"line":89,"column":7}},"35":{"start":{"line":90,"column":6},"end":{"line":97,"column":7}},"36":{"start":{"line":101,"column":6},"end":{"line":103,"column":7}},"37":{"start":{"line":105,"column":17},"end":{"line":111,"column":5}},"38":{"start":{"line":112,"column":4},"end":{"line":112,"column":64}},"39":{"start":{"line":117,"column":4},"end":{"line":117,"column":86}},"40":{"start":{"line":122,"column":4},"end":{"line":122,"column":87}},"41":{"start":{"line":126,"column":30},"end":{"line":126,"column":38}},"42":{"start":{"line":127,"column":36},"end":{"line":127,"column":49}},"43":{"start":{"line":129,"column":4},"end":{"line":136,"column":5}},"44":{"start":{"line":130,"column":6},"end":{"line":130,"column":60}},"45":{"start":{"line":133,"column":6},"end":{"line":135,"column":7}},"46":{"start":{"line":139,"column":4},"end":{"line":139,"column":72}},"47":{"start":{"line":143,"column":4},"end":{"line":143,"column":132}},"48":{"start":{"line":147,"column":4},"end":{"line":147,"column":93}},"49":{"start":{"line":151,"column":4},"end":{"line":151,"column":86}},"50":{"start":{"line":156,"column":4},"end":{"line":162,"column":5}},"51":{"start":{"line":157,"column":8},"end":{"line":157,"column":52}},"52":{"start":{"line":159,"column":6},"end":{"line":161,"column":7}},"53":{"start":{"line":163,"column":4},"end":{"line":163,"column":113}},"54":{"start":{"line":163,"column":80},"end":{"line":163,"column":110}}},"fnMap":{"0":{"name":"(anonymous_0)","decl":{"start":{"line":11,"column":29},"end":{"line":11,"column":30}},"loc":{"start":{"line":11,"column":55},"end":{"line":47,"column":3}},"line":11},"1":{"name":"(anonymous_1)","decl":{"start":{"line":49,"column":26},"end":{"line":49,"column":27}},"loc":{"start":{"line":49,"column":52},"end":{"line":113,"column":3}},"line":49},"2":{"name":"(anonymous_2)","decl":{"start":{"line":115,"column":27},"end":{"line":115,"column":28}},"loc":{"start":{"line":115,"column":53},"end":{"line":118,"column":3}},"line":115},"3":{"name":"(anonymous_3)","decl":{"start":{"line":120,"column":34},"end":{"line":120,"column":35}},"loc":{"start":{"line":120,"column":60},"end":{"line":123,"column":3}},"line":120},"4":{"name":"(anonymous_4)","decl":{"start":{"line":125,"column":31},"end":{"line":125,"column":32}},"loc":{"start":{"line":125,"column":57},"end":{"line":140,"column":3}},"line":125},"5":{"name":"(anonymous_5)","decl":{"start":{"line":142,"column":32},"end":{"line":142,"column":33}},"loc":{"start":{"line":142,"column":58},"end":{"line":144,"column":3}},"line":142},"6":{"name":"(anonymous_6)","decl":{"start":{"line":146,"column":30},"end":{"line":146,"column":31}},"loc":{"start":{"line":146,"column":56},"end":{"line":148,"column":3}},"line":146},"7":{"name":"(anonymous_7)","decl":{"start":{"line":150,"column":27},"end":{"line":150,"column":28}},"loc":{"start":{"line":150,"column":53},"end":{"line":152,"column":3}},"line":150},"8":{"name":"(anonymous_8)","decl":{"start":{"line":154,"column":28},"end":{"line":154,"column":29}},"loc":{"start":{"line":154,"column":54},"end":{"line":164,"column":3}},"line":154},"9":{"name":"(anonymous_9)","decl":{"start":{"line":163,"column":72},"end":{"line":163,"column":73}},"loc":{"start":{"line":163,"column":80},"end":{"line":163,"column":110}},"line":163}},"branchMap":{"0":{"loc":{"start":{"line":22,"column":4},"end":{"line":27,"column":5}},"type":"if","locations":[{"start":{"line":22,"column":4},"end":{"line":27,"column":5}},{"start":{"line":22,"column":4},"end":{"line":27,"column":5}}],"line":22},"1":{"loc":{"start":{"line":60,"column":4},"end":{"line":65,"column":5}},"type":"if","locations":[{"start":{"line":60,"column":4},"end":{"line":65,"column":5}},{"start":{"line":60,"column":4},"end":{"line":65,"column":5}}],"line":60},"2":{"loc":{"start":{"line":76,"column":4},"end":{"line":81,"column":5}},"type":"if","locations":[{"start":{"line":76,"column":4},"end":{"line":81,"column":5}},{"start":{"line":76,"column":4},"end":{"line":81,"column":5}}],"line":76}},"s":{"0":1,"1":1,"2":1,"3":1,"4":1,"5":1,"6":1,"7":1,"8":0,"9":0,"10":0,"11":0,"12":0,"13":0,"14":0,"15":0,"16":0,"17":0,"18":0,"19":0,"20":0,"21":0,"22":0,"23":0,"24":0,"25":0,"26":0,"27":0,"28":0,"29":0,"30":0,"31":0,"32":0,"33":0,"34":0,"35":0,"36":0,"37":0,"38":0,"39":0,"40":0,"41":0,"42":0,"43":0,"44":0,"45":0,"46":0,"47":0,"48":0,"49":0,"50":0,"51":0,"52":0,"53":0,"54":0},"f":{"0":0,"1":0,"2":0,"3":0,"4":0,"5":0,"6":0,"7":0,"8":0,"9":0},"b":{"0":[0,0],"1":[0,0],"2":[0,0]},"_coverageSchema":"1a1c01bbd47fc00a2c39e90264f33305004495a9","hash":"c941dc8a2416e816cf76b898512d30f380d603e8"}
,"D:\\Visual Code Projects\\Git\\LightBot\\lightbot_server\\controllers\\Validation.controller.js": {"path":"D:\\Visual Code Projects\\Git\\LightBot\\lightbot_server\\controllers\\Validation.controller.js","statementMap":{"0":{"start":{"line":1,"column":29},"end":{"line":1,"column":57}},"1":{"start":{"line":2,"column":23},"end":{"line":2,"column":53}},"2":{"start":{"line":4,"column":0},"end":{"line":17,"column":1}},"3":{"start":{"line":6,"column":19},"end":{"line":6,"column":40}},"4":{"start":{"line":7,"column":4},"end":{"line":9,"column":5}},"5":{"start":{"line":8,"column":6},"end":{"line":8,"column":19}},"6":{"start":{"line":10,"column":28},"end":{"line":10,"column":30}},"7":{"start":{"line":11,"column":4},"end":{"line":13,"column":67}},"8":{"start":{"line":13,"column":20},"end":{"line":13,"column":66}},"9":{"start":{"line":15,"column":4},"end":{"line":15,"column":63}}},"fnMap":{"0":{"name":"(anonymous_0)","decl":{"start":{"line":5,"column":12},"end":{"line":5,"column":13}},"loc":{"start":{"line":5,"column":38},"end":{"line":16,"column":3}},"line":5},"1":{"name":"(anonymous_1)","decl":{"start":{"line":13,"column":11},"end":{"line":13,"column":12}},"loc":{"start":{"line":13,"column":20},"end":{"line":13,"column":66}},"line":13}},"branchMap":{"0":{"loc":{"start":{"line":7,"column":4},"end":{"line":9,"column":5}},"type":"if","locations":[{"start":{"line":7,"column":4},"end":{"line":9,"column":5}},{"start":{"line":7,"column":4},"end":{"line":9,"column":5}}],"line":7}},"s":{"0":1,"1":1,"2":1,"3":0,"4":0,"5":0,"6":0,"7":0,"8":0,"9":0},"f":{"0":0,"1":0},"b":{"0":[0,0]},"_coverageSchema":"1a1c01bbd47fc00a2c39e90264f33305004495a9","hash":"e59cbedeb6ed68ab92b72fd1fdd5400564e98596"}
,"D:\\Visual Code Projects\\Git\\LightBot\\lightbot_server\\middleware\\Error.handler.js": {"path":"D:\\Visual Code Projects\\Git\\LightBot\\lightbot_server\\middleware\\Error.handler.js","statementMap":{"0":{"start":{"line":1,"column":26},"end":{"line":1,"column":56}},"1":{"start":{"line":3,"column":0},"end":{"line":12,"column":1}},"2":{"start":{"line":4,"column":15},"end":{"line":4,"column":28}},"3":{"start":{"line":5,"column":4},"end":{"line":11,"column":6}}},"fnMap":{"0":{"name":"(anonymous_0)","decl":{"start":{"line":3,"column":17},"end":{"line":3,"column":18}},"loc":{"start":{"line":3,"column":42},"end":{"line":12,"column":1}},"line":3}},"branchMap":{"0":{"loc":{"start":{"line":5,"column":22},"end":{"line":5,"column":31}},"type":"binary-expr","locations":[{"start":{"line":5,"column":22},"end":{"line":5,"column":26}},{"start":{"line":5,"column":28},"end":{"line":5,"column":31}}],"line":5},"1":{"loc":{"start":{"line":7,"column":20},"end":{"line":7,"column":31}},"type":"binary-expr","locations":[{"start":{"line":7,"column":20},"end":{"line":7,"column":24}},{"start":{"line":7,"column":28},"end":{"line":7,"column":31}}],"line":7},"2":{"loc":{"start":{"line":8,"column":21},"end":{"line":8,"column":59}},"type":"binary-expr","locations":[{"start":{"line":8,"column":21},"end":{"line":8,"column":32}},{"start":{"line":8,"column":36},"end":{"line":8,"column":59}}],"line":8}},"s":{"0":1,"1":1,"2":16,"3":16},"f":{"0":16},"b":{"0":[16,0],"1":[16,0],"2":[16,0]},"_coverageSchema":"1a1c01bbd47fc00a2c39e90264f33305004495a9","hash":"0151f88280dd1e1cb1eae77907f4a951640938cf"}
,"D:\\Visual Code Projects\\Git\\LightBot\\lightbot_server\\middleware\\Guard.handler.js": {"path":"D:\\Visual Code Projects\\Git\\LightBot\\lightbot_server\\middleware\\Guard.handler.js","statementMap":{"0":{"start":{"line":1,"column":21},"end":{"line":1,"column":53}},"1":{"start":{"line":2,"column":52},"end":{"line":2,"column":82}},"2":{"start":{"line":3,"column":12},"end":{"line":3,"column":35}},"3":{"start":{"line":5,"column":0},"end":{"line":24,"column":1}},"4":{"start":{"line":7,"column":4},"end":{"line":22,"column":5}},"5":{"start":{"line":8,"column":20},"end":{"line":8,"column":59}},"6":{"start":{"line":9,"column":6},"end":{"line":11,"column":7}},"7":{"start":{"line":10,"column":8},"end":{"line":10,"column":63}},"8":{"start":{"line":12,"column":22},"end":{"line":12,"column":62}},"9":{"start":{"line":13,"column":6},"end":{"line":16,"column":7}},"10":{"start":{"line":17,"column":6},"end":{"line":17,"column":12}},"11":{"start":{"line":20,"column":8},"end":{"line":20,"column":63}}},"fnMap":{"0":{"name":"(anonymous_0)","decl":{"start":{"line":6,"column":22},"end":{"line":6,"column":23}},"loc":{"start":{"line":6,"column":48},"end":{"line":23,"column":3}},"line":6}},"branchMap":{"0":{"loc":{"start":{"line":9,"column":6},"end":{"line":11,"column":7}},"type":"if","locations":[{"start":{"line":9,"column":6},"end":{"line":11,"column":7}},{"start":{"line":9,"column":6},"end":{"line":11,"column":7}}],"line":9}},"s":{"0":1,"1":1,"2":1,"3":1,"4":0,"5":0,"6":0,"7":0,"8":0,"9":0,"10":0,"11":0},"f":{"0":0},"b":{"0":[0,0]},"_coverageSchema":"1a1c01bbd47fc00a2c39e90264f33305004495a9","hash":"e7ef48bfdf6f28e36a662c41cd734fa13118a7fb"}
,"D:\\Visual Code Projects\\Git\\LightBot\\lightbot_server\\middleware\\UserValidation.handler.js": {"path":"D:\\Visual Code Projects\\Git\\LightBot\\lightbot_server\\middleware\\UserValidation.handler.js","statementMap":{"0":{"start":{"line":1,"column":17},"end":{"line":1,"column":45}},"1":{"start":{"line":3,"column":0},"end":{"line":56,"column":3}},"2":{"start":{"line":4,"column":4},"end":{"line":55,"column":5}},"3":{"start":{"line":6,"column":8},"end":{"line":28,"column":9}},"4":{"start":{"line":31,"column":8},"end":{"line":44,"column":9}},"5":{"start":{"line":47,"column":8},"end":{"line":47,"column":17}},"6":{"start":{"line":50,"column":8},"end":{"line":50,"column":17}},"7":{"start":{"line":53,"column":8},"end":{"line":53,"column":17}}},"fnMap":{"0":{"name":"(anonymous_0)","decl":{"start":{"line":3,"column":17},"end":{"line":3,"column":18}},"loc":{"start":{"line":3,"column":29},"end":{"line":56,"column":3}},"line":3}},"branchMap":{"0":{"loc":{"start":{"line":4,"column":4},"end":{"line":55,"column":5}},"type":"switch","locations":[{"start":{"line":5,"column":6},"end":{"line":29,"column":7}},{"start":{"line":30,"column":6},"end":{"line":45,"column":7}},{"start":{"line":46,"column":6},"end":{"line":48,"column":7}},{"start":{"line":49,"column":6},"end":{"line":51,"column":7}},{"start":{"line":52,"column":6},"end":{"line":54,"column":7}}],"line":4}},"s":{"0":1,"1":1,"2":2,"3":1,"4":1,"5":0,"6":0,"7":0},"f":{"0":2},"b":{"0":[1,1,0,0,0]},"_coverageSchema":"1a1c01bbd47fc00a2c39e90264f33305004495a9","hash":"560c9c8c60e74941138bfb181693099c1ea2d0e3"}
,"D:\\Visual Code Projects\\Git\\LightBot\\lightbot_server\\models\\Forum.model.js": {"path":"D:\\Visual Code Projects\\Git\\LightBot\\lightbot_server\\models\\Forum.model.js","statementMap":{"0":{"start":{"line":1,"column":17},"end":{"line":1,"column":36}},"1":{"start":{"line":3,"column":20},"end":{"line":22,"column":2}},"2":{"start":{"line":23,"column":0},"end":{"line":23,"column":53}}},"fnMap":{},"branchMap":{},"s":{"0":1,"1":1,"2":1},"f":{},"b":{},"_coverageSchema":"1a1c01bbd47fc00a2c39e90264f33305004495a9","hash":"aed37f559ec3e4948631099ce7d7a55dcebdd2d0"}
,"D:\\Visual Code Projects\\Git\\LightBot\\lightbot_server\\models\\User.model.js": {"path":"D:\\Visual Code Projects\\Git\\LightBot\\lightbot_server\\models\\User.model.js","statementMap":{"0":{"start":{"line":1,"column":17},"end":{"line":1,"column":36}},"1":{"start":{"line":2,"column":11},"end":{"line":2,"column":47}},"2":{"start":{"line":4,"column":19},"end":{"line":41,"column":2}},"3":{"start":{"line":43,"column":0},"end":{"line":43,"column":21}},"4":{"start":{"line":45,"column":0},"end":{"line":45,"column":51}}},"fnMap":{},"branchMap":{},"s":{"0":1,"1":1,"2":1,"3":1,"4":1},"f":{},"b":{},"_coverageSchema":"1a1c01bbd47fc00a2c39e90264f33305004495a9","hash":"4fbcaa6dae00bf2984198b9c91e9ee7661193716"}
,"D:\\Visual Code Projects\\Git\\LightBot\\lightbot_server\\routes\\Data.route.js": {"path":"D:\\Visual Code Projects\\Git\\LightBot\\lightbot_server\\routes\\Data.route.js","statementMap":{"0":{"start":{"line":1,"column":16},"end":{"line":1,"column":34}},"1":{"start":{"line":2,"column":15},"end":{"line":2,"column":31}},"2":{"start":{"line":3,"column":13},"end":{"line":3,"column":51}},"3":{"start":{"line":8,"column":0},"end":{"line":12,"column":1}},"4":{"start":{"line":17,"column":0},"end":{"line":21,"column":3}},"5":{"start":{"line":26,"column":0},"end":{"line":30,"column":3}},"6":{"start":{"line":35,"column":0},"end":{"line":39,"column":3}},"7":{"start":{"line":44,"column":0},"end":{"line":48,"column":1}},"8":{"start":{"line":53,"column":0},"end":{"line":57,"column":1}},"9":{"start":{"line":62,"column":0},"end":{"line":66,"column":1}},"10":{"start":{"line":68,"column":0},"end":{"line":68,"column":23}}},"fnMap":{},"branchMap":{},"s":{"0":1,"1":1,"2":1,"3":1,"4":1,"5":1,"6":1,"7":1,"8":1,"9":1,"10":1},"f":{},"b":{},"_coverageSchema":"1a1c01bbd47fc00a2c39e90264f33305004495a9","hash":"72cffdfe36bb8a717097db02595df67caddad105"}
,"D:\\Visual Code Projects\\Git\\LightBot\\lightbot_server\\routes\\Error.route.js": {"path":"D:\\Visual Code Projects\\Git\\LightBot\\lightbot_server\\routes\\Error.route.js","statementMap":{"0":{"start":{"line":1,"column":16},"end":{"line":1,"column":34}},"1":{"start":{"line":2,"column":15},"end":{"line":2,"column":31}},"2":{"start":{"line":3,"column":21},"end":{"line":3,"column":51}},"3":{"start":{"line":8,"column":0},"end":{"line":10,"column":2}},"4":{"start":{"line":9,"column":2},"end":{"line":9,"column":42}},"5":{"start":{"line":12,"column":0},"end":{"line":12,"column":23}}},"fnMap":{"0":{"name":"(anonymous_0)","decl":{"start":{"line":8,"column":16},"end":{"line":8,"column":17}},"loc":{"start":{"line":8,"column":36},"end":{"line":10,"column":1}},"line":8}},"branchMap":{},"s":{"0":1,"1":1,"2":1,"3":1,"4":16,"5":1},"f":{"0":16},"b":{},"_coverageSchema":"1a1c01bbd47fc00a2c39e90264f33305004495a9","hash":"91e6ae65009c90be3cc5fb451662b285831365ee"}
,"D:\\Visual Code Projects\\Git\\LightBot\\lightbot_server\\routes\\User.route.js": {"path":"D:\\Visual Code Projects\\Git\\LightBot\\lightbot_server\\routes\\User.route.js","statementMap":{"0":{"start":{"line":1,"column":15},"end":{"line":1,"column":42}},"1":{"start":{"line":2,"column":14},"end":{"line":2,"column":61}},"2":{"start":{"line":3,"column":16},"end":{"line":3,"column":63}},"3":{"start":{"line":4,"column":13},"end":{"line":4,"column":51}},"4":{"start":{"line":9,"column":0},"end":{"line":14,"column":1}},"5":{"start":{"line":19,"column":0},"end":{"line":24,"column":1}},"6":{"start":{"line":29,"column":0},"end":{"line":33,"column":1}},"7":{"start":{"line":38,"column":0},"end":{"line":42,"column":1}},"8":{"start":{"line":47,"column":0},"end":{"line":50,"column":1}},"9":{"start":{"line":55,"column":0},"end":{"line":58,"column":1}},"10":{"start":{"line":63,"column":0},"end":{"line":67,"column":1}},"11":{"start":{"line":72,"column":0},"end":{"line":76,"column":1}},"12":{"start":{"line":78,"column":0},"end":{"line":78,"column":23}}},"fnMap":{},"branchMap":{},"s":{"0":1,"1":1,"2":1,"3":1,"4":1,"5":1,"6":1,"7":1,"8":1,"9":1,"10":1,"11":1,"12":1},"f":{},"b":{},"_coverageSchema":"1a1c01bbd47fc00a2c39e90264f33305004495a9","hash":"61aba8b85c37d4af9f2cd34b14beb2bff56f8ecc"}
,"D:\\Visual Code Projects\\Git\\LightBot\\lightbot_server\\utils\\Cors.util.js": {"path":"D:\\Visual Code Projects\\Git\\LightBot\\lightbot_server\\utils\\Cors.util.js","statementMap":{"0":{"start":{"line":1,"column":25},"end":{"line":1,"column":51}},"1":{"start":{"line":2,"column":18},"end":{"line":2,"column":43}},"2":{"start":{"line":4,"column":0},"end":{"line":15,"column":3}}},"fnMap":{},"branchMap":{},"s":{"0":1,"1":1,"2":1},"f":{},"b":{},"_coverageSchema":"1a1c01bbd47fc00a2c39e90264f33305004495a9","hash":"d3da7c393070fde35c6f07c1d5b527c42af89014"}
,"D:\\Visual Code Projects\\Git\\LightBot\\lightbot_server\\utils\\DBConnector.util.js": {"path":"D:\\Visual Code Projects\\Git\\LightBot\\lightbot_server\\utils\\DBConnector.util.js","statementMap":{"0":{"start":{"line":1,"column":17},"end":{"line":1,"column":36}},"1":{"start":{"line":3,"column":0},"end":{"line":35,"column":1}},"2":{"start":{"line":4,"column":2},"end":{"line":12,"column":3}},"3":{"start":{"line":13,"column":2},"end":{"line":18,"column":3}},"4":{"start":{"line":19,"column":2},"end":{"line":22,"column":3}},"5":{"start":{"line":23,"column":2},"end":{"line":28,"column":3}},"6":{"start":{"line":24,"column":4},"end":{"line":27,"column":5}},"7":{"start":{"line":29,"column":2},"end":{"line":34,"column":4}},"8":{"start":{"line":30,"column":4},"end":{"line":33,"column":6}},"9":{"start":{"line":31,"column":6},"end":{"line":31,"column":78}},"10":{"start":{"line":32,"column":6},"end":{"line":32,"column":21}}},"fnMap":{"0":{"name":"(anonymous_0)","decl":{"start":{"line":3,"column":17},"end":{"line":3,"column":18}},"loc":{"start":{"line":3,"column":29},"end":{"line":35,"column":1}},"line":3},"1":{"name":"(anonymous_1)","decl":{"start":{"line":13,"column":38},"end":{"line":13,"column":39}},"loc":{"start":{"line":13,"column":43},"end":{"line":13,"column":45}},"line":13},"2":{"name":"(anonymous_2)","decl":{"start":{"line":23,"column":41},"end":{"line":23,"column":42}},"loc":{"start":{"line":24,"column":4},"end":{"line":27,"column":5}},"line":24},"3":{"name":"(anonymous_3)","decl":{"start":{"line":29,"column":23},"end":{"line":29,"column":24}},"loc":{"start":{"line":29,"column":29},"end":{"line":34,"column":3}},"line":29},"4":{"name":"(anonymous_4)","decl":{"start":{"line":30,"column":30},"end":{"line":30,"column":31}},"loc":{"start":{"line":30,"column":36},"end":{"line":33,"column":5}},"line":30}},"branchMap":{},"s":{"0":1,"1":1,"2":1,"3":1,"4":1,"5":1,"6":0,"7":1,"8":0,"9":0,"10":0},"f":{"0":1,"1":0,"2":0,"3":0,"4":0},"b":{},"_coverageSchema":"1a1c01bbd47fc00a2c39e90264f33305004495a9","hash":"8d25382ff3aabb1cf7a6b07d8ff8e2db0640175d"}
,"D:\\Visual Code Projects\\Git\\LightBot\\lightbot_server\\utils\\Error.util.js": {"path":"D:\\Visual Code Projects\\Git\\LightBot\\lightbot_server\\utils\\Error.util.js","statementMap":{"0":{"start":{"line":3,"column":4},"end":{"line":3,"column":18}},"1":{"start":{"line":4,"column":4},"end":{"line":4,"column":20}},"2":{"start":{"line":7,"column":4},"end":{"line":8,"column":17}},"3":{"start":{"line":8,"column":6},"end":{"line":8,"column":17}},"4":{"start":{"line":9,"column":4},"end":{"line":10,"column":17}},"5":{"start":{"line":10,"column":6},"end":{"line":10,"column":17}},"6":{"start":{"line":11,"column":4},"end":{"line":12,"column":17}},"7":{"start":{"line":12,"column":6},"end":{"line":12,"column":17}},"8":{"start":{"line":13,"column":4},"end":{"line":14,"column":17}},"9":{"start":{"line":14,"column":6},"end":{"line":14,"column":17}},"10":{"start":{"line":23,"column":0},"end":{"line":29,"column":1}}},"fnMap":{"0":{"name":"(anonymous_0)","decl":{"start":{"line":2,"column":2},"end":{"line":2,"column":3}},"loc":{"start":{"line":2,"column":29},"end":{"line":5,"column":3}},"line":2},"1":{"name":"(anonymous_1)","decl":{"start":{"line":6,"column":2},"end":{"line":6,"column":3}},"loc":{"start":{"line":6,"column":11},"end":{"line":15,"column":3}},"line":6}},"branchMap":{"0":{"loc":{"start":{"line":7,"column":4},"end":{"line":8,"column":17}},"type":"if","locations":[{"start":{"line":7,"column":4},"end":{"line":8,"column":17}},{"start":{"line":7,"column":4},"end":{"line":8,"column":17}}],"line":7},"1":{"loc":{"start":{"line":9,"column":4},"end":{"line":10,"column":17}},"type":"if","locations":[{"start":{"line":9,"column":4},"end":{"line":10,"column":17}},{"start":{"line":9,"column":4},"end":{"line":10,"column":17}}],"line":9},"2":{"loc":{"start":{"line":11,"column":4},"end":{"line":12,"column":17}},"type":"if","locations":[{"start":{"line":11,"column":4},"end":{"line":12,"column":17}},{"start":{"line":11,"column":4},"end":{"line":12,"column":17}}],"line":11},"3":{"loc":{"start":{"line":13,"column":4},"end":{"line":14,"column":17}},"type":"if","locations":[{"start":{"line":13,"column":4},"end":{"line":14,"column":17}},{"start":{"line":13,"column":4},"end":{"line":14,"column":17}}],"line":13}},"s":{"0":16,"1":16,"2":16,"3":0,"4":16,"5":0,"6":16,"7":0,"8":16,"9":16,"10":1},"f":{"0":16,"1":16},"b":{"0":[0,16],"1":[0,16],"2":[0,16],"3":[16,0]},"_coverageSchema":"1a1c01bbd47fc00a2c39e90264f33305004495a9","hash":"c9887845e2e0ccbe8a8374b9e6a26f7051caa4f9"}
,"D:\\Visual Code Projects\\Git\\LightBot\\lightbot_server\\utils\\Success.util.js": {"path":"D:\\Visual Code Projects\\Git\\LightBot\\lightbot_server\\utils\\Success.util.js","statementMap":{"0":{"start":{"line":3,"column":4},"end":{"line":7,"column":5}},"1":{"start":{"line":11,"column":0},"end":{"line":13,"column":1}}},"fnMap":{"0":{"name":"(anonymous_0)","decl":{"start":{"line":2,"column":2},"end":{"line":2,"column":3}},"loc":{"start":{"line":2,"column":29},"end":{"line":8,"column":3}},"line":2}},"branchMap":{},"s":{"0":0,"1":1},"f":{"0":0},"b":{},"_coverageSchema":"1a1c01bbd47fc00a2c39e90264f33305004495a9","hash":"7e2393dc7273a67fc4adbde8dd6fe8a3303d3895"}
}
