TN:
SF:server.js
FNF:0
FNH:0
DA:2,1
DA:3,1
DA:4,1
DA:5,1
DA:8,1
DA:11,1
DA:14,1
DA:15,1
DA:16,1
DA:25,1
DA:27,1
DA:29,1
DA:32,1
DA:39,1
LF:14
LH:14
BRDA:8,0,0,1
BRDA:8,0,1,0
BRF:2
BRH:1
end_of_record
TN:
SF:controllers\Data.controller.js
FN:13,(anonymous_0)
FN:19,(anonymous_1)
FN:25,(anonymous_2)
FN:34,(anonymous_3)
FN:40,(anonymous_4)
FN:82,(anonymous_5)
FN:112,(anonymous_6)
FNF:7
FNH:0
FNDA:0,(anonymous_0)
FNDA:0,(anonymous_1)
FNDA:0,(anonymous_2)
FNDA:0,(anonymous_3)
FNDA:0,(anonymous_4)
FNDA:0,(anonymous_5)
FNDA:0,(anonymous_6)
DA:1,1
DA:2,1
DA:3,1
DA:5,1
DA:6,1
DA:7,1
DA:8,1
DA:12,1
DA:14,0
DA:20,0
DA:26,0
DA:35,0
DA:41,0
DA:42,0
DA:48,0
DA:49,0
DA:52,0
DA:56,0
DA:58,0
DA:62,0
DA:63,0
DA:64,0
DA:65,0
DA:66,0
DA:67,0
DA:68,0
DA:70,0
DA:74,0
DA:83,0
DA:84,0
DA:86,0
DA:87,0
DA:89,0
DA:93,0
DA:94,0
DA:96,0
DA:97,0
DA:99,0
DA:104,0
DA:113,0
DA:115,0
DA:116,0
DA:118,0
DA:122,0
DA:123,0
DA:126,0
DA:130,0
LF:47
LH:8
BRDA:56,0,0,0
BRDA:56,0,1,0
BRF:2
BRH:0
end_of_record
TN:
SF:controllers\User.controller.js
FN:11,(anonymous_0)
FN:49,(anonymous_1)
FN:115,(anonymous_2)
FN:120,(anonymous_3)
FN:125,(anonymous_4)
FN:142,(anonymous_5)
FN:146,(anonymous_6)
FN:150,(anonymous_7)
FN:154,(anonymous_8)
FN:163,(anonymous_9)
FNF:10
FNH:0
FNDA:0,(anonymous_0)
FNDA:0,(anonymous_1)
FNDA:0,(anonymous_2)
FNDA:0,(anonymous_3)
FNDA:0,(anonymous_4)
FNDA:0,(anonymous_5)
FNDA:0,(anonymous_6)
FNDA:0,(anonymous_7)
FNDA:0,(anonymous_8)
FNDA:0,(anonymous_9)
DA:1,1
DA:2,1
DA:3,1
DA:4,1
DA:5,1
DA:6,1
DA:8,1
DA:10,1
DA:12,0
DA:14,0
DA:15,0
DA:18,0
DA:22,0
DA:24,0
DA:29,0
DA:36,0
DA:37,0
DA:38,0
DA:39,0
DA:42,0
DA:46,0
DA:50,0
DA:52,0
DA:53,0
DA:56,0
DA:60,0
DA:62,0
DA:66,0
DA:67,0
DA:68,0
DA:72,0
DA:76,0
DA:78,0
DA:83,0
DA:84,0
DA:90,0
DA:101,0
DA:105,0
DA:112,0
DA:117,0
DA:122,0
DA:126,0
DA:127,0
DA:129,0
DA:130,0
DA:133,0
DA:139,0
DA:143,0
DA:147,0
DA:151,0
DA:156,0
DA:157,0
DA:159,0
DA:163,0
LF:54
LH:8
BRDA:22,0,0,0
BRDA:22,0,1,0
BRDA:60,1,0,0
BRDA:60,1,1,0
BRDA:76,2,0,0
BRDA:76,2,1,0
BRF:6
BRH:0
end_of_record
TN:
SF:controllers\Validation.controller.js
FN:5,(anonymous_0)
FN:13,(anonymous_1)
FNF:2
FNH:0
FNDA:0,(anonymous_0)
FNDA:0,(anonymous_1)
DA:1,1
DA:2,1
DA:4,1
DA:6,0
DA:7,0
DA:8,0
DA:10,0
DA:11,0
DA:13,0
DA:15,0
LF:10
LH:3
BRDA:7,0,0,0
BRDA:7,0,1,0
BRF:2
BRH:0
end_of_record
TN:
SF:middleware\Error.handler.js
FN:3,(anonymous_0)
FNF:1
FNH:1
FNDA:16,(anonymous_0)
DA:1,1
DA:3,1
DA:4,16
DA:5,16
LF:4
LH:4
BRDA:5,0,0,16
BRDA:5,0,1,0
BRDA:7,1,0,16
BRDA:7,1,1,0
BRDA:8,2,0,16
BRDA:8,2,1,0
BRF:6
BRH:3
end_of_record
TN:
SF:middleware\Guard.handler.js
FN:6,(anonymous_0)
FNF:1
FNH:0
FNDA:0,(anonymous_0)
DA:1,1
DA:2,1
DA:3,1
DA:5,1
DA:7,0
DA:8,0
DA:9,0
DA:10,0
DA:12,0
DA:13,0
DA:17,0
DA:20,0
LF:12
LH:4
BRDA:9,0,0,0
BRDA:9,0,1,0
BRF:2
BRH:0
end_of_record
TN:
SF:middleware\UserValidation.handler.js
FN:3,(anonymous_0)
FNF:1
FNH:1
FNDA:2,(anonymous_0)
DA:1,1
DA:3,1
DA:4,2
DA:6,1
DA:31,1
DA:47,0
DA:50,0
DA:53,0
LF:8
LH:5
BRDA:4,0,0,1
BRDA:4,0,1,1
BRDA:4,0,2,0
BRDA:4,0,3,0
BRDA:4,0,4,0
BRF:5
BRH:2
end_of_record
TN:
SF:models\Forum.model.js
FNF:0
FNH:0
DA:1,1
DA:3,1
DA:23,1
LF:3
LH:3
BRF:0
BRH:0
end_of_record
TN:
SF:models\User.model.js
FNF:0
FNH:0
DA:1,1
DA:2,1
DA:4,1
DA:43,1
DA:45,1
LF:5
LH:5
BRF:0
BRH:0
end_of_record
TN:
SF:routes\Data.route.js
FNF:0
FNH:0
DA:1,1
DA:2,1
DA:3,1
DA:8,1
DA:17,1
DA:26,1
DA:35,1
DA:44,1
DA:53,1
DA:62,1
DA:68,1
LF:11
LH:11
BRF:0
BRH:0
end_of_record
TN:
SF:routes\Error.route.js
FN:8,(anonymous_0)
FNF:1
FNH:1
FNDA:16,(anonymous_0)
DA:1,1
DA:2,1
DA:3,1
DA:8,1
DA:9,16
DA:12,1
LF:6
LH:6
BRF:0
BRH:0
end_of_record
TN:
SF:routes\User.route.js
FNF:0
FNH:0
DA:1,1
DA:2,1
DA:3,1
DA:4,1
DA:9,1
DA:19,1
DA:29,1
DA:38,1
DA:47,1
DA:55,1
DA:63,1
DA:72,1
DA:78,1
LF:13
LH:13
BRF:0
BRH:0
end_of_record
TN:
SF:utils\Cors.util.js
FNF:0
FNH:0
DA:1,1
DA:2,1
DA:4,1
LF:3
LH:3
BRF:0
BRH:0
end_of_record
TN:
SF:utils\DBConnector.util.js
FN:3,(anonymous_0)
FN:13,(anonymous_1)
FN:23,(anonymous_2)
FN:29,(anonymous_3)
FN:30,(anonymous_4)
FNF:5
FNH:1
FNDA:1,(anonymous_0)
FNDA:0,(anonymous_1)
FNDA:0,(anonymous_2)
FNDA:0,(anonymous_3)
FNDA:0,(anonymous_4)
DA:1,1
DA:3,1
DA:4,1
DA:13,1
DA:19,1
DA:23,1
DA:24,0
DA:29,1
DA:30,0
DA:31,0
DA:32,0
LF:11
LH:7
BRF:0
BRH:0
end_of_record
TN:
SF:utils\Error.util.js
FN:2,(anonymous_0)
FN:6,(anonymous_1)
FNF:2
FNH:2
FNDA:16,(anonymous_0)
FNDA:16,(anonymous_1)
DA:3,16
DA:4,16
DA:7,16
DA:8,0
DA:9,16
DA:10,0
DA:11,16
DA:12,0
DA:13,16
DA:14,16
DA:23,1
LF:11
LH:8
BRDA:7,0,0,0
BRDA:7,0,1,16
BRDA:9,1,0,0
BRDA:9,1,1,16
BRDA:11,2,0,0
BRDA:11,2,1,16
BRDA:13,3,0,16
BRDA:13,3,1,0
BRF:8
BRH:4
end_of_record
TN:
SF:utils\Success.util.js
FN:2,(anonymous_0)
FNF:1
FNH:0
FNDA:0,(anonymous_0)
DA:3,0
DA:11,1
LF:2
LH:1
BRF:0
BRH:0
end_of_record
