TN:
SF:src\api\controllers\Config.controller.js
FN:16,(anonymous_0)
FN:26,(anonymous_1)
FN:29,(anonymous_2)
FN:34,(anonymous_3)
FN:37,(anonymous_4)
FN:42,(anonymous_5)
FNF:6
FNH:6
FNDA:1,(anonymous_0)
FNDA:11,(anonymous_1)
FNDA:2,(anonymous_2)
FNDA:11,(anonymous_3)
FNDA:2,(anonymous_4)
FNDA:1,(anonymous_5)
DA:2,5
DA:3,5
DA:6,5
DA:7,5
DA:8,5
DA:12,5
DA:13,5
DA:15,5
DA:17,1
DA:18,1
DA:19,1
DA:20,1
DA:21,1
DA:23,1
DA:24,1
DA:26,1
DA:27,11
DA:29,1
DA:30,2
DA:34,1
DA:35,11
DA:37,1
DA:38,2
DA:42,1
DA:43,1
DA:44,1
DA:48,0
LF:27
LH:26
BRDA:43,0,0,1
BRDA:43,0,1,0
BRF:2
BRH:1
end_of_record
TN:
SF:src\api\controllers\Data.controller.js
FN:20,(anonymous_0)
FN:27,(anonymous_1)
FN:37,(anonymous_2)
FN:42,(anonymous_3)
FN:48,(anonymous_4)
FN:90,(anonymous_5)
FN:116,(anonymous_6)
FN:136,(anonymous_7)
FN:149,(anonymous_8)
FN:153,(anonymous_9)
FN:173,(anonymous_10)
FN:181,(anonymous_11)
FNF:12
FNH:7
FNDA:0,(anonymous_0)
FNDA:1,(anonymous_1)
FNDA:14,(anonymous_2)
FNDA:1,(anonymous_3)
FNDA:0,(anonymous_4)
FNDA:0,(anonymous_5)
FNDA:0,(anonymous_6)
FNDA:1,(anonymous_7)
FNDA:6,(anonymous_8)
FNDA:0,(anonymous_9)
FNDA:1,(anonymous_10)
FNDA:1,(anonymous_11)
DA:2,5
DA:3,5
DA:10,5
DA:11,5
DA:12,5
DA:13,5
DA:14,5
DA:17,5
DA:19,5
DA:21,0
DA:22,0
DA:29,1
DA:30,1
DA:32,0
DA:34,1
DA:37,14
DA:43,1
DA:49,0
DA:50,0
DA:51,0
DA:58,0
DA:59,0
DA:61,0
DA:65,0
DA:66,0
DA:70,0
DA:71,0
DA:72,0
DA:73,0
DA:74,0
DA:75,0
DA:76,0
DA:78,0
DA:82,0
DA:91,0
DA:92,0
DA:94,0
DA:95,0
DA:97,0
DA:99,0
DA:100,0
DA:102,0
DA:103,0
DA:105,0
DA:108,0
DA:117,0
DA:119,0
DA:120,0
DA:122,0
DA:124,0
DA:125,0
DA:127,0
DA:129,0
DA:138,1
DA:139,1
DA:144,0
DA:146,1
DA:149,6
DA:154,0
DA:155,0
DA:156,0
DA:159,0
DA:160,0
DA:161,0
DA:162,0
DA:164,0
DA:166,0
DA:174,1
DA:175,1
DA:177,0
DA:179,1
DA:195,1
DA:196,1
DA:197,1
DA:198,1
DA:199,1
DA:200,1
DA:201,1
DA:202,1
DA:203,1
DA:204,1
DA:205,1
DA:206,1
DA:207,1
DA:209,0
DA:211,1
DA:225,1
LF:87
LH:36
BRDA:65,0,0,0
BRDA:65,0,1,0
BRF:2
BRH:0
end_of_record
TN:
SF:src\api\controllers\User.controller.js
FN:27,(anonymous_0)
FN:58,(anonymous_1)
FN:108,(anonymous_2)
FN:118,(anonymous_3)
FN:142,(anonymous_4)
FN:170,(anonymous_5)
FN:212,(anonymous_6)
FN:260,(anonymous_7)
FN:265,(anonymous_8)
FN:293,(anonymous_9)
FN:314,(anonymous_10)
FNF:11
FNH:3
FNDA:0,(anonymous_0)
FNDA:3,(anonymous_1)
FNDA:0,(anonymous_2)
FNDA:0,(anonymous_3)
FNDA:0,(anonymous_4)
FNDA:0,(anonymous_5)
FNDA:1,(anonymous_6)
FNDA:0,(anonymous_7)
FNDA:0,(anonymous_8)
FNDA:0,(anonymous_9)
FNDA:1,(anonymous_10)
DA:2,5
DA:5,5
DA:6,5
DA:7,5
DA:8,5
DA:11,5
DA:18,5
DA:19,5
DA:20,5
DA:23,5
DA:24,5
DA:26,5
DA:28,0
DA:29,0
DA:30,0
DA:32,0
DA:33,0
DA:36,0
DA:44,0
DA:45,0
DA:49,0
DA:51,0
DA:55,0
DA:59,3
DA:61,3
DA:62,3
DA:64,0
DA:68,3
DA:69,0
DA:72,3
DA:73,3
DA:74,3
DA:79,0
DA:86,3
DA:87,0
DA:90,3
DA:91,3
DA:97,3
DA:101,0
DA:105,3
DA:110,0
DA:119,0
DA:120,0
DA:122,0
DA:123,0
DA:125,0
DA:130,0
DA:132,0
DA:133,0
DA:135,0
DA:139,0
DA:144,0
DA:145,0
DA:147,0
DA:148,0
DA:150,0
DA:154,0
DA:155,0
DA:157,0
DA:158,0
DA:160,0
DA:161,0
DA:163,0
DA:167,0
DA:171,0
DA:172,0
DA:174,0
DA:175,0
DA:177,0
DA:182,0
DA:183,0
DA:184,0
DA:189,0
DA:196,0
DA:197,0
DA:200,0
DA:201,0
DA:202,0
DA:203,0
DA:205,0
DA:209,0
DA:213,1
DA:215,1
DA:216,1
DA:218,0
DA:222,1
DA:223,0
DA:225,1
DA:233,1
DA:234,1
DA:235,1
DA:239,1
DA:240,1
DA:246,0
DA:247,0
DA:252,1
DA:261,0
DA:263,0
DA:264,0
DA:265,0
DA:266,0
DA:268,0
DA:269,0
DA:271,0
DA:274,0
DA:275,0
DA:277,0
DA:281,0
DA:282,0
DA:283,0
DA:284,0
DA:286,0
DA:290,0
DA:294,0
DA:296,0
DA:297,0
DA:299,0
DA:303,0
DA:304,0
DA:306,0
DA:310,0
DA:315,1
DA:317,1
DA:318,1
DA:320,0
DA:324,1
DA:333,1
LF:127
LH:40
BRDA:32,0,0,0
BRDA:32,0,1,0
BRDA:68,1,0,0
BRDA:68,1,1,3
BRDA:86,2,0,0
BRDA:86,2,1,3
BRDA:154,3,0,0
BRDA:154,3,1,0
BRDA:157,4,0,0
BRDA:157,4,1,0
BRDA:196,5,0,0
BRDA:196,5,1,0
BRDA:222,6,0,0
BRDA:222,6,1,1
BRDA:266,7,0,0
BRDA:266,7,1,0
BRDA:268,8,0,0
BRDA:268,8,1,0
BRF:18
BRH:3
end_of_record
TN:
SF:src\api\controllers\Validation.controller.js
FN:8,(anonymous_0)
FN:16,(anonymous_1)
FNF:2
FNH:2
FNDA:5,(anonymous_0)
FNDA:2,(anonymous_1)
DA:2,5
DA:5,5
DA:7,5
DA:9,5
DA:10,5
DA:11,3
DA:13,2
DA:14,2
DA:16,2
DA:18,2
LF:10
LH:10
BRDA:10,0,0,3
BRDA:10,0,1,2
BRF:2
BRH:2
end_of_record
TN:
SF:src\api\middlewares\UserValidation.handler.js
FN:4,(anonymous_0)
FNF:1
FNH:1
FNDA:10,(anonymous_0)
DA:2,5
DA:4,5
DA:5,10
DA:7,5
DA:32,5
DA:48,0
DA:51,0
DA:61,0
LF:8
LH:5
BRDA:5,0,0,5
BRDA:5,0,1,5
BRDA:5,0,2,0
BRDA:5,0,3,0
BRDA:5,0,4,0
BRF:5
BRH:2
end_of_record
TN:
SF:src\api\routes\Config.route.js
FNF:0
FNH:0
DA:2,5
DA:5,5
DA:10,5
DA:16,5
LF:4
LH:4
BRF:0
BRH:0
end_of_record
TN:
SF:src\api\routes\Data.route.js
FNF:0
FNH:0
DA:2,5
DA:5,5
DA:10,5
DA:19,5
DA:28,5
DA:37,5
DA:46,5
DA:55,5
DA:64,5
DA:73,5
DA:82,5
DA:91,5
DA:97,5
LF:13
LH:13
BRF:0
BRH:0
end_of_record
TN:
SF:src\api\routes\Error.route.js
FN:10,(anonymous_0)
FNF:1
FNH:1
FNDA:1,(anonymous_0)
DA:2,5
DA:5,5
DA:10,5
DA:11,1
DA:14,5
LF:5
LH:5
BRF:0
BRH:0
end_of_record
TN:
SF:src\api\routes\User.route.js
FNF:0
FNH:0
DA:2,5
DA:5,5
DA:6,5
DA:9,5
DA:14,5
DA:24,5
DA:34,5
DA:43,5
DA:52,5
DA:61,5
DA:70,5
DA:78,5
DA:86,5
DA:95,5
DA:100,5
LF:15
LH:15
BRF:0
BRH:0
end_of_record
TN:
SF:src\config\index.js
FNF:0
FNH:0
DA:2,5
DA:5,5
DA:8,5
LF:3
LH:3
BRDA:5,0,0,5
BRDA:5,0,1,0
BRF:2
BRH:1
end_of_record
TN:
SF:src\loaders\db.loader.js
FN:7,(anonymous_0)
FN:17,(anonymous_1)
FN:27,(anonymous_2)
FN:33,(anonymous_3)
FN:34,(anonymous_4)
FNF:5
FNH:2
FNDA:3,(anonymous_0)
FNDA:3,(anonymous_1)
FNDA:0,(anonymous_2)
FNDA:0,(anonymous_3)
FNDA:0,(anonymous_4)
DA:2,3
DA:5,3
DA:7,3
DA:8,3
DA:17,3
DA:18,3
DA:23,3
DA:27,3
DA:28,0
DA:33,3
DA:34,0
DA:35,0
DA:36,0
LF:13
LH:9
BRF:0
BRH:0
end_of_record
TN:
SF:src\loaders\express.loader.js
FN:21,(anonymous_0)
FN:38,(anonymous_1)
FN:41,(anonymous_2)
FNF:3
FNH:2
FNDA:5,(anonymous_0)
FNDA:2,(anonymous_1)
FNDA:0,(anonymous_2)
DA:2,5
DA:5,5
DA:6,5
DA:7,5
DA:8,5
DA:9,5
DA:10,5
DA:13,5
DA:14,5
DA:15,5
DA:16,5
DA:19,5
DA:21,5
DA:26,5
DA:32,5
DA:38,5
DA:39,2
DA:41,5
DA:42,0
DA:55,5
DA:62,5
DA:65,5
DA:66,5
DA:68,5
DA:74,5
DA:81,5
DA:87,5
DA:94,5
DA:95,5
DA:96,5
DA:97,5
DA:103,5
LF:32
LH:31
BRDA:62,0,0,0
BRDA:62,0,1,5
BRF:2
BRH:1
end_of_record
TN:
SF:src\models\Error.model.js
FN:2,(anonymous_0)
FN:6,(anonymous_1)
FNF:2
FNH:2
FNDA:9,(anonymous_0)
FNDA:13,(anonymous_1)
DA:3,9
DA:4,9
DA:7,13
DA:8,8
DA:9,5
DA:10,4
DA:11,1
DA:20,6
LF:8
LH:8
BRDA:7,0,0,5
BRDA:7,0,1,8
BRDA:8,1,0,3
BRDA:8,1,1,5
BRDA:9,2,0,1
BRDA:9,2,1,4
BRDA:10,3,0,3
BRDA:10,3,1,1
BRDA:11,4,0,1
BRDA:11,4,1,0
BRF:10
BRH:9
end_of_record
TN:
SF:src\models\Forum.model.js
FNF:0
FNH:0
DA:3,5
DA:5,5
DA:29,5
LF:3
LH:3
BRF:0
BRH:0
end_of_record
TN:
SF:src\models\Graph.model.js
FNF:0
FNH:0
DA:2,5
DA:4,5
DA:27,5
LF:3
LH:3
BRF:0
BRH:0
end_of_record
TN:
SF:src\models\Success.model.js
FN:2,(anonymous_0)
FNF:1
FNH:1
FNDA:11,(anonymous_0)
DA:3,11
DA:11,5
LF:2
LH:2
BRF:0
BRH:0
end_of_record
TN:
SF:src\models\User.model.js
FNF:0
FNH:0
DA:2,5
DA:3,5
DA:5,5
DA:44,5
DA:46,5
LF:5
LH:5
BRF:0
BRH:0
end_of_record
TN:
SF:src\services\DataFormatter.service.js
FN:8,(anonymous_0)
FN:17,(anonymous_1)
FN:33,(anonymous_2)
FNF:3
FNH:3
FNDA:12,(anonymous_0)
FNDA:12,(anonymous_1)
FNDA:1,(anonymous_2)
DA:2,5
DA:5,5
DA:6,5
DA:8,5
DA:9,12
DA:13,12
DA:14,12
DA:15,12
DA:17,5
DA:18,12
DA:19,12
DA:25,12
DA:27,0
DA:32,5
DA:35,1
DA:36,1
DA:37,1
DA:38,1
DA:39,1
DA:40,1
DA:41,1
DA:42,1
DA:43,1
DA:44,1
DA:45,1
DA:46,1
DA:48,1
DA:49,1
DA:50,1
DA:51,1
DA:52,1
DA:53,1
DA:54,1
DA:55,1
DA:56,1
DA:57,1
DA:58,1
DA:59,1
LF:38
LH:37
BRF:0
BRH:0
end_of_record
TN:
SF:src\services\Edit.service.js
FN:4,(anonymous_0)
FN:21,(anonymous_1)
FNF:2
FNH:2
FNDA:1,(anonymous_0)
FNDA:1,(anonymous_1)
DA:1,5
DA:3,5
DA:5,1
DA:6,1
DA:7,1
DA:11,1
DA:12,45
DA:13,45
DA:14,45
DA:16,1
DA:22,1
DA:23,1
DA:24,1
DA:28,1
DA:29,45
DA:30,45
DA:31,45
DA:33,1
LF:18
LH:18
BRDA:12,0,0,1
BRDA:12,0,1,44
BRDA:13,1,0,1
BRDA:13,1,1,44
BRDA:29,2,0,1
BRDA:29,2,1,44
BRDA:30,3,0,1
BRDA:30,3,1,44
BRF:8
BRH:8
end_of_record
TN:
SF:src\services\Errorhandling.service.js
FN:4,(anonymous_0)
FNF:1
FNH:1
FNDA:4,(anonymous_0)
DA:2,5
DA:4,5
DA:5,4
LF:3
LH:3
BRDA:5,0,0,4
BRDA:5,0,1,0
BRDA:7,1,0,4
BRDA:7,1,1,0
BRDA:8,2,0,4
BRDA:8,2,1,0
BRF:6
BRH:3
end_of_record
TN:
SF:src\services\Guard.service.js
FN:12,(anonymous_0)
FNF:1
FNH:1
FNDA:8,(anonymous_0)
DA:2,5
DA:5,5
DA:6,5
DA:9,5
DA:11,5
DA:13,8
DA:14,8
DA:15,7
DA:16,0
DA:18,7
DA:19,7
DA:23,7
DA:26,1
LF:13
LH:12
BRDA:15,0,0,0
BRDA:15,0,1,7
BRF:2
BRH:1
end_of_record
TN:
SF:src\services\Mailer.service.js
FN:7,(anonymous_0)
FNF:1
FNH:1
FNDA:1,(anonymous_0)
DA:2,5
DA:5,5
DA:7,5
DA:8,1
DA:16,1
DA:23,1
DA:24,1
DA:27,5
LF:8
LH:8
BRF:0
BRH:0
end_of_record
